#
# There is insufficient memory for the Java Runtime Environment to continue.
# Native memory allocation (mmap) failed to map 623902720 bytes for G1 virtual space
# Possible reasons:
#   The system is out of physical RAM or swap space
#   The process is running with CompressedOops enabled, and the Java Heap may be blocking the growth of the native heap
# Possible solutions:
#   Reduce memory load on the system
#   Increase physical memory or swap space
#   Check if swap backing store is full
#   Decrease Java heap size (-Xmx/-Xms)
#   Decrease number of Java threads
#   Decrease Java thread stack sizes (-Xss)
#   Set larger code cache with -XX:ReservedCodeCacheSize=
#   JVM is running with Unscaled Compressed Oops mode in which the Java heap is
#     placed in the first 4GB address space. The Java Heap base address is the
#     maximum limit for the native heap growth. Please use -XX:HeapBaseMinAddress
#     to set the Java Heap base and to place the Java Heap above 4GB virtual address.
# This output file may be truncated or incomplete.
#
#  Out of Memory Error (os_windows.cpp:3550), pid=28948, tid=27432
#
# JRE version: Java(TM) SE Runtime Environment (17.0.6+9) (build 17.0.6+9-LTS-190)
# Java VM: Java HotSpot(TM) 64-Bit Server VM (17.0.6+9-LTS-190, mixed mode, emulated-client, sharing, tiered, compressed oops, compressed class ptrs, g1 gc, windows-amd64)
# No core dump will be written. Minidumps are not enabled by default on client versions of Windows
#

---------------  S U M M A R Y ------------

Command Line: -Dio.quarkus.force-color-support=true -Dquarkus-internal.serialized-app-model.path=C:\code-with-quarkus\target\quarkus\bootstrap\dev-app-model.dat -javaagent:C:\Users\Syahril\.m2\repository\io\quarkus\quarkus-class-change-agent\2.10.2.Final\quarkus-class-change-agent-2.10.2.Final.jar -DquarkusRegistryClient=true -XX:TieredStopAtLevel=1 -agentlib:jdwp=transport=dt_socket,address=localhost:5005,server=y,suspend=n -Djava.util.logging.manager=org.jboss.logmanager.LogManager C:\code-with-quarkus\target\hibernate-reactive-panache-quickstart-dev.jar

Host: Intel(R) Core(TM) i3-7020U CPU @ 2.30GHz, 4 cores, 7G,  Windows 10 , 64 bit Build 19041 (10.0.19041.2364)
Time: Fri Feb 10 07:07:16 2023 SE Asia Standard Time elapsed time: 342.316769 seconds (0d 0h 5m 42s)

---------------  T H R E A D  ---------------

Current thread (0x000001482115d5b0):  VMThread "VM Thread" [stack: 0x0000000502000000,0x0000000502100000] [id=27432]

Stack: [0x0000000502000000,0x0000000502100000]
Native frames: (J=compiled Java code, j=interpreted, Vv=VM code, C=native code)
V  [jvm.dll+0x6734ea]
V  [jvm.dll+0x7d18f4]
V  [jvm.dll+0x7d309e]
V  [jvm.dll+0x7d3703]
V  [jvm.dll+0x2433c5]
V  [jvm.dll+0x6703f9]
V  [jvm.dll+0x664d32]
V  [jvm.dll+0x300086]
V  [jvm.dll+0x307606]
V  [jvm.dll+0x356c1e]
V  [jvm.dll+0x356e4f]
V  [jvm.dll+0x2d72e8]
V  [jvm.dll+0x2d57e5]
V  [jvm.dll+0x2d4dec]
V  [jvm.dll+0x31837b]
V  [jvm.dll+0x7d7f0b]
V  [jvm.dll+0x7d8c44]
V  [jvm.dll+0x7d915d]
V  [jvm.dll+0x7d9534]
V  [jvm.dll+0x7d9600]
V  [jvm.dll+0x781a7a]
V  [jvm.dll+0x672375]
C  [ucrtbase.dll+0x21bb2]
C  [KERNEL32.DLL+0x17614]
C  [ntdll.dll+0x526a1]

VM_Operation (0x00000005082fc2a0): G1CollectForAllocation, mode: safepoint, requested by thread 0x00000148239a23d0


---------------  P R O C E S S  ---------------

Threads class SMR info:
_java_thread_list=0x0000014824b29680, length=29, elements={
0x0000014821163920, 0x00000148211644d0, 0x000001482117a7a0, 0x000001482117b150,
0x000001482117bb00, 0x000001482117e4c0, 0x0000014821182420, 0x000001482118ae20,
0x000001482114f830, 0x000001482213df30, 0x000001482216c570, 0x000001482216f4a0,
0x00000148234aee90, 0x00000148239a1090, 0x00000148239a23d0, 0x00000148239a1560,
0x00000148239a1a30, 0x0000014824c9bec0, 0x0000014824c9b9f0, 0x0000014824c9b050,
0x0000014824c98500, 0x0000014824c9ab80, 0x0000014824c98030, 0x0000014824c9e540,
0x0000014824c9ea10, 0x0000014824c989d0, 0x0000014824c9cd30, 0x0000014824e04d60,
0x0000014824dd0450
}

Java Threads: ( => current thread )
  0x0000014821163920 JavaThread "Reference Handler" daemon [_thread_blocked, id=24668, stack(0x0000000502100000,0x0000000502200000)]
  0x00000148211644d0 JavaThread "Finalizer" daemon [_thread_blocked, id=26656, stack(0x0000000502200000,0x0000000502300000)]
  0x000001482117a7a0 JavaThread "Signal Dispatcher" daemon [_thread_blocked, id=29592, stack(0x0000000502300000,0x0000000502400000)]
  0x000001482117b150 JavaThread "Attach Listener" daemon [_thread_blocked, id=29584, stack(0x0000000502400000,0x0000000502500000)]
  0x000001482117bb00 JavaThread "Service Thread" daemon [_thread_blocked, id=29588, stack(0x0000000502500000,0x0000000502600000)]
  0x000001482117e4c0 JavaThread "Monitor Deflation Thread" daemon [_thread_blocked, id=26980, stack(0x0000000502600000,0x0000000502700000)]
  0x0000014821182420 JavaThread "C1 CompilerThread0" daemon [_thread_blocked, id=28344, stack(0x0000000502700000,0x0000000502800000)]
  0x000001482118ae20 JavaThread "Sweeper thread" daemon [_thread_blocked, id=28340, stack(0x0000000502800000,0x0000000502900000)]
  0x000001482114f830 JavaThread "Common-Cleaner" daemon [_thread_blocked, id=28360, stack(0x0000000502900000,0x0000000502a00000)]
  0x000001482213df30 JavaThread "JDWP Transport Listener: dt_socket" daemon [_thread_in_native, id=28680, stack(0x0000000502c00000,0x0000000502d00000)]
  0x000001482216c570 JavaThread "JDWP Event Helper Thread" daemon [_thread_blocked, id=28380, stack(0x0000000502d00000,0x0000000502e00000)]
  0x000001482216f4a0 JavaThread "Notification Thread" daemon [_thread_blocked, id=28384, stack(0x0000000502e00000,0x0000000502f00000)]
  0x00000148234aee90 JavaThread "Quarkus Devmode keep alive thread" [_thread_blocked, id=21668, stack(0x0000000503600000,0x0000000503700000)]
  0x00000148239a1090 JavaThread "WindowsStreamPump" daemon [_thread_in_native, id=29784, stack(0x0000000508100000,0x0000000508200000)]
  0x00000148239a23d0 JavaThread "Aesh InputStream Reader" daemon [_thread_blocked, id=28416, stack(0x0000000508200000,0x0000000508300000)]
  0x00000148239a1560 JavaThread "vertx-blocked-thread-checker" daemon [_thread_blocked, id=13316, stack(0x0000000508300000,0x0000000508400000)]
  0x00000148239a1a30 JavaThread "Thread-74" daemon [_thread_in_native, id=29788, stack(0x0000000508400000,0x0000000508500000)]
  0x0000014824c9bec0 JavaThread "[DevConsole]vert.x-eventloop-thread-0" [_thread_in_native, id=13276, stack(0x0000000508500000,0x0000000508600000)]
  0x0000014824c9b9f0 JavaThread "Quarkus Main Thread" [_thread_blocked, id=5380, stack(0x0000000503a00000,0x0000000503b00000)]
  0x0000014824c9b050 JavaThread "agroal-11" daemon [_thread_blocked, id=15288, stack(0x0000000503b00000,0x0000000503c00000)]
  0x0000014824c98500 JavaThread "executor-thread-0" daemon [_thread_blocked, id=15264, stack(0x0000000503c00000,0x0000000503d00000)]
  0x0000014824c9ab80 JavaThread "vertx-blocked-thread-checker" daemon [_thread_blocked, id=13628, stack(0x0000000503d00000,0x0000000503e00000)]
  0x0000014824c98030 JavaThread "vert.x-eventloop-thread-0" [_thread_in_native, id=30400, stack(0x0000000503e00000,0x0000000503f00000)]
  0x0000014824c9e540 JavaThread "vert.x-eventloop-thread-1" [_thread_in_native, id=29576, stack(0x0000000504000000,0x0000000504100000)]
  0x0000014824c9ea10 JavaThread "vert.x-acceptor-thread-0" [_thread_in_native, id=29600, stack(0x0000000504100000,0x0000000504200000)]
  0x0000014824c989d0 JavaThread "vert.x-eventloop-thread-2" [_thread_in_native, id=29596, stack(0x0000000504200000,0x0000000504300000)]
  0x0000014824c9cd30 JavaThread "DestroyJavaVM" [_thread_blocked, id=26968, stack(0x0000000501a00000,0x0000000501b00000)]
  0x0000014824e04d60 JavaThread "C1 CompilerThread1" daemon [_thread_blocked, id=35292, stack(0x0000000501900000,0x0000000501a00000)]
  0x0000014824dd0450 JavaThread "C1 CompilerThread2" daemon [_thread_blocked, id=35652, stack(0x0000000502a00000,0x0000000502b00000)]

Other Threads:
=>0x000001482115d5b0 VMThread "VM Thread" [stack: 0x0000000502000000,0x0000000502100000] [id=27432]
  0x000001480fb515c0 WatcherThread [stack: 0x0000000502f00000,0x0000000503000000] [id=28404]
  0x000001480fbaad70 GCTaskThread "GC Thread#0" [stack: 0x0000000501b00000,0x0000000501c00000] [id=28764]
  0x000001482237c6b0 GCTaskThread "GC Thread#1" [stack: 0x0000000503000000,0x0000000503100000] [id=28336]
  0x000001482243faf0 GCTaskThread "GC Thread#2" [stack: 0x0000000503100000,0x0000000503200000] [id=26788]
  0x0000014822473280 GCTaskThread "GC Thread#3" [stack: 0x0000000503200000,0x0000000503300000] [id=26688]
  0x000001480fbbb930 ConcurrentGCThread "G1 Main Marker" [stack: 0x0000000501c00000,0x0000000501d00000] [id=23760]
  0x000001480fbbcae0 ConcurrentGCThread "G1 Conc#0" [stack: 0x0000000501d00000,0x0000000501e00000] [id=7676]
  0x0000014821020090 ConcurrentGCThread "G1 Refine#0" [stack: 0x0000000501e00000,0x0000000501f00000] [id=8376]
  0x0000014822462e60 ConcurrentGCThread "G1 Refine#1" [stack: 0x0000000503300000,0x0000000503400000] [id=28760]
  0x000001482243cec0 ConcurrentGCThread "G1 Refine#2" [stack: 0x0000000503400000,0x0000000503500000] [id=26508]
  0x00000148227fe750 ConcurrentGCThread "G1 Refine#3" [stack: 0x0000000503500000,0x0000000503600000] [id=27924]
  0x0000014821021960 ConcurrentGCThread "G1 Service" [stack: 0x0000000501f00000,0x0000000502000000] [id=28496]

Threads with active compile tasks:

VM state: at safepoint (normal execution)

VM Mutex/Monitor currently owned by a thread:  ([mutex/lock_event])
[0x000001480fb4c7b0] Threads_lock - owner thread: 0x000001482115d5b0
[0x000001480fb4d770] Heap_lock - owner thread: 0x00000148239a23d0

Heap address: 0x0000000081c00000, size: 2020 MB, Compressed Oops mode: 32-bit

CDS archive(s) mapped at: [0x0000000800000000-0x0000000800bd0000-0x0000000800bd0000), size 12386304, SharedBaseAddress: 0x0000000800000000, ArchiveRelocationMode: 0.
Compressed class space mapped at: 0x0000000800c00000-0x0000000840c00000, reserved size: 1073741824
Narrow klass base: 0x0000000800000000, Narrow klass shift: 0, Narrow klass range: 0x100000000

GC Precious Log:
 CPUs: 4 total, 4 available
 Memory: 8076M
 Large Page Support: Disabled
 NUMA Support: Disabled
 Compressed Oops: Enabled (32-bit)
 Heap Region Size: 1M
 Heap Min Capacity: 8M
 Heap Initial Capacity: 128M
 Heap Max Capacity: 2020M
 Pre-touch: Disabled
 Parallel Workers: 4
 Concurrent Workers: 1
 Concurrent Refinement Workers: 4
 Periodic GC: Disabled

Heap:
 garbage-first heap   total 364544K, used 147968K [0x0000000081c00000, 0x0000000100000000)
  region size 1024K, 13 young (13312K), 13 survivors (13312K)
 Metaspace       used 59191K, committed 59840K, reserved 1105920K
  class space    used 8244K, committed 8576K, reserved 1048576K

Heap Regions: E=young(eden), S=young(survivor), O=old, HS=humongous(starts), HC=humongous(continues), CS=collection set, F=free, OA=open archive, CA=closed archive, TAMS=top-at-mark-start (previous, next)
|   0|0x0000000081c00000, 0x0000000081d00000, 0x0000000081d00000|100%|HS|  |TAMS 0x0000000081d00000, 0x0000000081c00000| Complete 
|   1|0x0000000081d00000, 0x0000000081e00000, 0x0000000081e00000|100%| O|  |TAMS 0x0000000081e00000, 0x0000000081d00000| Untracked 
|   2|0x0000000081e00000, 0x0000000081f00000, 0x0000000081f00000|100%| O|  |TAMS 0x0000000081f00000, 0x0000000081e00000| Untracked 
|   3|0x0000000081f00000, 0x0000000082000000, 0x0000000082000000|100%| O|  |TAMS 0x0000000082000000, 0x0000000081f00000| Untracked 
|   4|0x0000000082000000, 0x0000000082100000, 0x0000000082100000|100%|HS|  |TAMS 0x0000000082100000, 0x0000000082000000| Complete 
|   5|0x0000000082100000, 0x0000000082200000, 0x0000000082200000|100%|HS|  |TAMS 0x0000000082200000, 0x0000000082100000| Complete 
|   6|0x0000000082200000, 0x0000000082300000, 0x0000000082300000|100%|HC|  |TAMS 0x0000000082300000, 0x0000000082200000| Complete 
|   7|0x0000000082300000, 0x0000000082400000, 0x0000000082400000|100%| O|  |TAMS 0x0000000082400000, 0x0000000082300000| Untracked 
|   8|0x0000000082400000, 0x0000000082500000, 0x0000000082500000|100%| O|  |TAMS 0x0000000082500000, 0x0000000082400000| Untracked 
|   9|0x0000000082500000, 0x0000000082600000, 0x0000000082600000|100%| O|  |TAMS 0x0000000082600000, 0x0000000082500000| Untracked 
|  10|0x0000000082600000, 0x0000000082700000, 0x0000000082700000|100%| O|  |TAMS 0x0000000082700000, 0x0000000082600000| Untracked 
|  11|0x0000000082700000, 0x0000000082800000, 0x0000000082800000|100%| O|  |TAMS 0x0000000082800000, 0x0000000082700000| Untracked 
|  12|0x0000000082800000, 0x0000000082900000, 0x0000000082900000|100%| O|  |TAMS 0x0000000082900000, 0x0000000082800000| Untracked 
|  13|0x0000000082900000, 0x0000000082a00000, 0x0000000082a00000|100%| O|  |TAMS 0x0000000082a00000, 0x0000000082900000| Untracked 
|  14|0x0000000082a00000, 0x0000000082b00000, 0x0000000082b00000|100%| O|  |TAMS 0x0000000082b00000, 0x0000000082a00000| Untracked 
|  15|0x0000000082b00000, 0x0000000082c00000, 0x0000000082c00000|100%| O|  |TAMS 0x0000000082c00000, 0x0000000082b00000| Untracked 
|  16|0x0000000082c00000, 0x0000000082d00000, 0x0000000082d00000|100%| O|  |TAMS 0x0000000082d00000, 0x0000000082c00000| Untracked 
|  17|0x0000000082d00000, 0x0000000082e00000, 0x0000000082e00000|100%| O|  |TAMS 0x0000000082e00000, 0x0000000082d00000| Untracked 
|  18|0x0000000082e00000, 0x0000000082f00000, 0x0000000082f00000|100%|HS|  |TAMS 0x0000000082f00000, 0x0000000082e00000| Complete 
|  19|0x0000000082f00000, 0x0000000083000000, 0x0000000083000000|100%|HC|  |TAMS 0x0000000083000000, 0x0000000082f00000| Complete 
|  20|0x0000000083000000, 0x0000000083100000, 0x0000000083100000|100%| O|  |TAMS 0x0000000083100000, 0x0000000083000000| Untracked 
|  21|0x0000000083100000, 0x0000000083200000, 0x0000000083200000|100%| O|  |TAMS 0x0000000083200000, 0x0000000083100000| Untracked 
|  22|0x0000000083200000, 0x0000000083300000, 0x0000000083300000|100%| O|  |TAMS 0x0000000083300000, 0x0000000083200000| Untracked 
|  23|0x0000000083300000, 0x0000000083400000, 0x0000000083400000|100%| O|  |TAMS 0x0000000083400000, 0x0000000083300000| Untracked 
|  24|0x0000000083400000, 0x0000000083500000, 0x0000000083500000|100%| O|  |TAMS 0x0000000083500000, 0x0000000083400000| Untracked 
|  25|0x0000000083500000, 0x0000000083600000, 0x0000000083600000|100%| O|  |TAMS 0x0000000083600000, 0x0000000083500000| Untracked 
|  26|0x0000000083600000, 0x0000000083700000, 0x0000000083700000|100%| O|  |TAMS 0x0000000083700000, 0x0000000083600000| Untracked 
|  27|0x0000000083700000, 0x0000000083800000, 0x0000000083800000|100%| O|  |TAMS 0x0000000083800000, 0x0000000083700000| Untracked 
|  28|0x0000000083800000, 0x0000000083900000, 0x0000000083900000|100%| O|  |TAMS 0x0000000083900000, 0x0000000083800000| Untracked 
|  29|0x0000000083900000, 0x0000000083a00000, 0x0000000083a00000|100%| O|  |TAMS 0x0000000083a00000, 0x0000000083900000| Untracked 
|  30|0x0000000083a00000, 0x0000000083b00000, 0x0000000083b00000|100%| O|  |TAMS 0x0000000083b00000, 0x0000000083a00000| Untracked 
|  31|0x0000000083b00000, 0x0000000083c00000, 0x0000000083c00000|100%| O|  |TAMS 0x0000000083c00000, 0x0000000083b00000| Untracked 
|  32|0x0000000083c00000, 0x0000000083d00000, 0x0000000083d00000|100%| O|  |TAMS 0x0000000083d00000, 0x0000000083c00000| Untracked 
|  33|0x0000000083d00000, 0x0000000083e00000, 0x0000000083e00000|100%| O|  |TAMS 0x0000000083e00000, 0x0000000083d00000| Untracked 
|  34|0x0000000083e00000, 0x0000000083f00000, 0x0000000083f00000|100%| O|  |TAMS 0x0000000083e00000, 0x0000000083e00000| Untracked 
|  35|0x0000000083f00000, 0x0000000084000000, 0x0000000084000000|100%| O|  |TAMS 0x0000000084000000, 0x0000000083f00000| Untracked 
|  36|0x0000000084000000, 0x0000000084100000, 0x0000000084100000|100%| O|  |TAMS 0x0000000084100000, 0x0000000084000000| Untracked 
|  37|0x0000000084100000, 0x0000000084200000, 0x0000000084200000|100%| O|  |TAMS 0x0000000084200000, 0x0000000084100000| Untracked 
|  38|0x0000000084200000, 0x0000000084300000, 0x0000000084300000|100%| O|  |TAMS 0x0000000084300000, 0x0000000084200000| Untracked 
|  39|0x0000000084300000, 0x0000000084400000, 0x0000000084400000|100%| O|  |TAMS 0x0000000084400000, 0x0000000084300000| Untracked 
|  40|0x0000000084400000, 0x0000000084500000, 0x0000000084500000|100%| O|  |TAMS 0x0000000084500000, 0x0000000084400000| Untracked 
|  41|0x0000000084500000, 0x0000000084600000, 0x0000000084600000|100%| O|  |TAMS 0x0000000084600000, 0x0000000084500000| Untracked 
|  42|0x0000000084600000, 0x0000000084700000, 0x0000000084700000|100%|HS|  |TAMS 0x0000000084700000, 0x0000000084600000| Complete 
|  43|0x0000000084700000, 0x0000000084800000, 0x0000000084800000|100%| O|  |TAMS 0x0000000084800000, 0x0000000084700000| Untracked 
|  44|0x0000000084800000, 0x0000000084900000, 0x0000000084900000|100%| O|  |TAMS 0x0000000084900000, 0x0000000084800000| Untracked 
|  45|0x0000000084900000, 0x0000000084a00000, 0x0000000084a00000|100%| O|  |TAMS 0x0000000084a00000, 0x0000000084900000| Untracked 
|  46|0x0000000084a00000, 0x0000000084b00000, 0x0000000084b00000|100%| O|  |TAMS 0x0000000084b00000, 0x0000000084a00000| Untracked 
|  47|0x0000000084b00000, 0x0000000084c00000, 0x0000000084c00000|100%| O|  |TAMS 0x0000000084c00000, 0x0000000084b00000| Untracked 
|  48|0x0000000084c00000, 0x0000000084d00000, 0x0000000084d00000|100%| O|  |TAMS 0x0000000084d00000, 0x0000000084c00000| Untracked 
|  49|0x0000000084d00000, 0x0000000084e00000, 0x0000000084e00000|100%| O|  |TAMS 0x0000000084e00000, 0x0000000084d00000| Untracked 
|  50|0x0000000084e00000, 0x0000000084f00000, 0x0000000084f00000|100%| O|  |TAMS 0x0000000084f00000, 0x0000000084e00000| Untracked 
|  51|0x0000000084f00000, 0x0000000085000000, 0x0000000085000000|100%| O|  |TAMS 0x0000000085000000, 0x0000000084f00000| Untracked 
|  52|0x0000000085000000, 0x0000000085100000, 0x0000000085100000|100%| O|  |TAMS 0x0000000085100000, 0x0000000085000000| Untracked 
|  53|0x0000000085100000, 0x0000000085200000, 0x0000000085200000|100%| O|  |TAMS 0x0000000085200000, 0x0000000085100000| Untracked 
|  54|0x0000000085200000, 0x0000000085300000, 0x0000000085300000|100%| O|  |TAMS 0x0000000085300000, 0x0000000085200000| Untracked 
|  55|0x0000000085300000, 0x0000000085400000, 0x0000000085400000|100%| O|  |TAMS 0x0000000085400000, 0x0000000085300000| Untracked 
|  56|0x0000000085400000, 0x0000000085500000, 0x0000000085500000|100%| O|  |TAMS 0x0000000085500000, 0x0000000085400000| Untracked 
|  57|0x0000000085500000, 0x0000000085600000, 0x0000000085600000|100%| O|  |TAMS 0x0000000085500000, 0x0000000085500000| Untracked 
|  58|0x0000000085600000, 0x0000000085700000, 0x0000000085700000|100%| O|  |TAMS 0x0000000085700000, 0x0000000085600000| Untracked 
|  59|0x0000000085700000, 0x0000000085800000, 0x0000000085800000|100%| O|  |TAMS 0x0000000085800000, 0x0000000085700000| Untracked 
|  60|0x0000000085800000, 0x0000000085900000, 0x0000000085900000|100%|HS|  |TAMS 0x0000000085900000, 0x0000000085800000| Complete 
|  61|0x0000000085900000, 0x0000000085a00000, 0x0000000085a00000|100%| O|  |TAMS 0x0000000085900000, 0x0000000085900000| Untracked 
|  62|0x0000000085a00000, 0x0000000085b00000, 0x0000000085b00000|100%| O|  |TAMS 0x0000000085b00000, 0x0000000085a00000| Untracked 
|  63|0x0000000085b00000, 0x0000000085c00000, 0x0000000085c00000|100%| O|  |TAMS 0x0000000085c00000, 0x0000000085b00000| Untracked 
|  64|0x0000000085c00000, 0x0000000085d00000, 0x0000000085d00000|100%| O|  |TAMS 0x0000000085d00000, 0x0000000085c00000| Untracked 
|  65|0x0000000085d00000, 0x0000000085e00000, 0x0000000085e00000|100%| O|  |TAMS 0x0000000085d00000, 0x0000000085d00000| Untracked 
|  66|0x0000000085e00000, 0x0000000085f00000, 0x0000000085f00000|100%| O|  |TAMS 0x0000000085e00000, 0x0000000085e00000| Untracked 
|  67|0x0000000085f00000, 0x0000000086000000, 0x0000000086000000|100%| O|  |TAMS 0x0000000085f00000, 0x0000000085f00000| Untracked 
|  68|0x0000000086000000, 0x0000000086100000, 0x0000000086100000|100%| O|  |TAMS 0x0000000086100000, 0x0000000086000000| Untracked 
|  69|0x0000000086100000, 0x0000000086200000, 0x0000000086200000|100%| O|  |TAMS 0x0000000086200000, 0x0000000086100000| Untracked 
|  70|0x0000000086200000, 0x0000000086300000, 0x0000000086300000|100%| O|  |TAMS 0x0000000086200000, 0x0000000086200000| Untracked 
|  71|0x0000000086300000, 0x0000000086400000, 0x0000000086400000|100%| O|  |TAMS 0x0000000086400000, 0x0000000086300000| Untracked 
|  72|0x0000000086400000, 0x0000000086500000, 0x0000000086500000|100%| O|  |TAMS 0x0000000086500000, 0x0000000086400000| Untracked 
|  73|0x0000000086500000, 0x0000000086600000, 0x0000000086600000|100%| O|  |TAMS 0x0000000086600000, 0x0000000086500000| Untracked 
|  74|0x0000000086600000, 0x0000000086700000, 0x0000000086700000|100%| O|  |TAMS 0x0000000086700000, 0x0000000086600000| Untracked 
|  75|0x0000000086700000, 0x0000000086800000, 0x0000000086800000|100%| O|  |TAMS 0x0000000086800000, 0x0000000086700000| Untracked 
|  76|0x0000000086800000, 0x0000000086900000, 0x0000000086900000|100%| O|  |TAMS 0x0000000086900000, 0x0000000086800000| Untracked 
|  77|0x0000000086900000, 0x0000000086a00000, 0x0000000086a00000|100%| O|  |TAMS 0x0000000086a00000, 0x0000000086900000| Untracked 
|  78|0x0000000086a00000, 0x0000000086b00000, 0x0000000086b00000|100%| O|  |TAMS 0x0000000086b00000, 0x0000000086a00000| Untracked 
|  79|0x0000000086b00000, 0x0000000086c00000, 0x0000000086c00000|100%| O|  |TAMS 0x0000000086c00000, 0x0000000086b00000| Untracked 
|  80|0x0000000086c00000, 0x0000000086d00000, 0x0000000086d00000|100%| O|  |TAMS 0x0000000086d00000, 0x0000000086c00000| Untracked 
|  81|0x0000000086d00000, 0x0000000086e00000, 0x0000000086e00000|100%| O|  |TAMS 0x0000000086e00000, 0x0000000086d00000| Untracked 
|  82|0x0000000086e00000, 0x0000000086f00000, 0x0000000086f00000|100%| O|  |TAMS 0x0000000086f00000, 0x0000000086e00000| Untracked 
|  83|0x0000000086f00000, 0x0000000087000000, 0x0000000087000000|100%| O|  |TAMS 0x0000000087000000, 0x0000000086f00000| Untracked 
|  84|0x0000000087000000, 0x0000000087100000, 0x0000000087100000|100%| O|  |TAMS 0x0000000087100000, 0x0000000087000000| Untracked 
|  85|0x0000000087100000, 0x0000000087200000, 0x0000000087200000|100%| O|  |TAMS 0x0000000087200000, 0x0000000087100000| Untracked 
|  86|0x0000000087200000, 0x0000000087300000, 0x0000000087300000|100%| O|  |TAMS 0x0000000087300000, 0x0000000087200000| Untracked 
|  87|0x0000000087300000, 0x0000000087400000, 0x0000000087400000|100%| O|  |TAMS 0x0000000087400000, 0x0000000087300000| Untracked 
|  88|0x0000000087400000, 0x0000000087500000, 0x0000000087500000|100%| O|  |TAMS 0x0000000087500000, 0x0000000087400000| Untracked 
|  89|0x0000000087500000, 0x0000000087600000, 0x0000000087600000|100%| O|  |TAMS 0x0000000087600000, 0x0000000087500000| Untracked 
|  90|0x0000000087600000, 0x0000000087700000, 0x0000000087700000|100%| O|  |TAMS 0x0000000087700000, 0x0000000087600000| Untracked 
|  91|0x0000000087700000, 0x0000000087800000, 0x0000000087800000|100%| O|  |TAMS 0x0000000087800000, 0x0000000087700000| Untracked 
|  92|0x0000000087800000, 0x0000000087900000, 0x0000000087900000|100%| O|  |TAMS 0x0000000087900000, 0x0000000087800000| Untracked 
|  93|0x0000000087900000, 0x0000000087a00000, 0x0000000087a00000|100%| O|  |TAMS 0x0000000087a00000, 0x0000000087900000| Untracked 
|  94|0x0000000087a00000, 0x0000000087b00000, 0x0000000087b00000|100%| O|  |TAMS 0x0000000087b00000, 0x0000000087a00000| Untracked 
|  95|0x0000000087b00000, 0x0000000087c00000, 0x0000000087c00000|100%| O|  |TAMS 0x0000000087bb3e00, 0x0000000087b00000| Untracked 
|  96|0x0000000087c00000, 0x0000000087d00000, 0x0000000087d00000|100%| O|  |TAMS 0x0000000087c00000, 0x0000000087c00000| Untracked 
|  97|0x0000000087d00000, 0x0000000087e00000, 0x0000000087e00000|100%| O|  |TAMS 0x0000000087d00000, 0x0000000087d00000| Untracked 
|  98|0x0000000087e00000, 0x0000000087f00000, 0x0000000087f00000|100%| O|  |TAMS 0x0000000087e00000, 0x0000000087e00000| Untracked 
|  99|0x0000000087f00000, 0x0000000088000000, 0x0000000088000000|100%|HS|  |TAMS 0x0000000087f00000, 0x0000000087f00000| Complete 
| 100|0x0000000088000000, 0x0000000088100000, 0x0000000088100000|100%| O|  |TAMS 0x0000000088000000, 0x0000000088000000| Untracked 
| 101|0x0000000088100000, 0x0000000088180000, 0x0000000088200000| 50%| O|  |TAMS 0x0000000088100000, 0x0000000088100000| Untracked 
| 102|0x0000000088200000, 0x0000000088200000, 0x0000000088300000|  0%| F|  |TAMS 0x0000000088200000, 0x0000000088200000| Untracked 
| 103|0x0000000088300000, 0x0000000088300000, 0x0000000088400000|  0%| F|  |TAMS 0x0000000088300000, 0x0000000088300000| Untracked 
| 104|0x0000000088400000, 0x0000000088400000, 0x0000000088500000|  0%| F|  |TAMS 0x0000000088400000, 0x0000000088400000| Untracked 
| 105|0x0000000088500000, 0x0000000088600000, 0x0000000088600000|100%| O|  |TAMS 0x0000000088500000, 0x0000000088500000| Untracked 
| 106|0x0000000088600000, 0x0000000088700000, 0x0000000088700000|100%| O|  |TAMS 0x0000000088600000, 0x0000000088600000| Untracked 
| 107|0x0000000088700000, 0x0000000088800000, 0x0000000088800000|100%| O|  |TAMS 0x0000000088700000, 0x0000000088700000| Untracked 
| 108|0x0000000088800000, 0x0000000088900000, 0x0000000088900000|100%| O|  |TAMS 0x0000000088800000, 0x0000000088800000| Untracked 
| 109|0x0000000088900000, 0x0000000088a00000, 0x0000000088a00000|100%| O|  |TAMS 0x0000000088900000, 0x0000000088900000| Untracked 
| 110|0x0000000088a00000, 0x0000000088b00000, 0x0000000088b00000|100%| O|  |TAMS 0x0000000088a00000, 0x0000000088a00000| Untracked 
| 111|0x0000000088b00000, 0x0000000088c00000, 0x0000000088c00000|100%| O|  |TAMS 0x0000000088b00000, 0x0000000088b00000| Untracked 
| 112|0x0000000088c00000, 0x0000000088d00000, 0x0000000088d00000|100%| O|  |TAMS 0x0000000088c00000, 0x0000000088c00000| Untracked 
| 113|0x0000000088d00000, 0x0000000088e00000, 0x0000000088e00000|100%| O|  |TAMS 0x0000000088d00000, 0x0000000088d00000| Untracked 
| 114|0x0000000088e00000, 0x0000000088f00000, 0x0000000088f00000|100%| O|  |TAMS 0x0000000088e00000, 0x0000000088e00000| Untracked 
| 115|0x0000000088f00000, 0x0000000089000000, 0x0000000089000000|100%| O|  |TAMS 0x0000000088f00000, 0x0000000088f00000| Untracked 
| 116|0x0000000089000000, 0x0000000089100000, 0x0000000089100000|100%| O|  |TAMS 0x0000000089000000, 0x0000000089000000| Untracked 
| 117|0x0000000089100000, 0x0000000089200000, 0x0000000089200000|100%| O|  |TAMS 0x0000000089100000, 0x0000000089100000| Untracked 
| 118|0x0000000089200000, 0x0000000089300000, 0x0000000089300000|100%| O|  |TAMS 0x0000000089200000, 0x0000000089200000| Untracked 
| 119|0x0000000089300000, 0x0000000089400000, 0x0000000089400000|100%| O|  |TAMS 0x0000000089300000, 0x0000000089300000| Untracked 
| 120|0x0000000089400000, 0x0000000089500000, 0x0000000089500000|100%| O|  |TAMS 0x0000000089400000, 0x0000000089400000| Untracked 
| 121|0x0000000089500000, 0x0000000089600000, 0x0000000089600000|100%| O|  |TAMS 0x0000000089500000, 0x0000000089500000| Untracked 
| 122|0x0000000089600000, 0x0000000089700000, 0x0000000089700000|100%| O|  |TAMS 0x0000000089600000, 0x0000000089600000| Untracked 
| 123|0x0000000089700000, 0x0000000089800000, 0x0000000089800000|100%| O|  |TAMS 0x0000000089700000, 0x0000000089700000| Untracked 
| 124|0x0000000089800000, 0x0000000089900000, 0x0000000089900000|100%| O|  |TAMS 0x0000000089800000, 0x0000000089800000| Untracked 
| 125|0x0000000089900000, 0x0000000089a00000, 0x0000000089a00000|100%| O|  |TAMS 0x0000000089900000, 0x0000000089900000| Untracked 
| 126|0x0000000089a00000, 0x0000000089b00000, 0x0000000089b00000|100%| O|  |TAMS 0x0000000089a00000, 0x0000000089a00000| Untracked 
| 127|0x0000000089b00000, 0x0000000089c00000, 0x0000000089c00000|100%| O|  |TAMS 0x0000000089b00000, 0x0000000089b00000| Untracked 
| 128|0x0000000089c00000, 0x0000000089d00000, 0x0000000089d00000|100%| O|  |TAMS 0x0000000089c00000, 0x0000000089c00000| Untracked 
| 129|0x0000000089d00000, 0x0000000089e00000, 0x0000000089e00000|100%| O|  |TAMS 0x0000000089d00000, 0x0000000089d00000| Untracked 
| 130|0x0000000089e00000, 0x0000000089f00000, 0x0000000089f00000|100%| O|  |TAMS 0x0000000089e00000, 0x0000000089e00000| Untracked 
| 131|0x0000000089f00000, 0x000000008a000000, 0x000000008a000000|100%| O|  |TAMS 0x0000000089f00000, 0x0000000089f00000| Untracked 
| 132|0x000000008a000000, 0x000000008a100000, 0x000000008a100000|100%| O|  |TAMS 0x000000008a000000, 0x000000008a000000| Untracked 
| 133|0x000000008a100000, 0x000000008a200000, 0x000000008a200000|100%| O|  |TAMS 0x000000008a100000, 0x000000008a100000| Untracked 
| 134|0x000000008a200000, 0x000000008a300000, 0x000000008a300000|100%| O|  |TAMS 0x000000008a200000, 0x000000008a200000| Untracked 
| 135|0x000000008a300000, 0x000000008a300000, 0x000000008a400000|  0%| F|  |TAMS 0x000000008a300000, 0x000000008a300000| Untracked 
| 136|0x000000008a400000, 0x000000008a400000, 0x000000008a500000|  0%| F|  |TAMS 0x000000008a400000, 0x000000008a400000| Untracked 
| 137|0x000000008a500000, 0x000000008a500000, 0x000000008a600000|  0%| F|  |TAMS 0x000000008a500000, 0x000000008a500000| Untracked 
| 138|0x000000008a600000, 0x000000008a600000, 0x000000008a700000|  0%| F|  |TAMS 0x000000008a600000, 0x000000008a600000| Untracked 
| 139|0x000000008a700000, 0x000000008a700000, 0x000000008a800000|  0%| F|  |TAMS 0x000000008a700000, 0x000000008a700000| Untracked 
| 140|0x000000008a800000, 0x000000008a800000, 0x000000008a900000|  0%| F|  |TAMS 0x000000008a800000, 0x000000008a800000| Untracked 
| 141|0x000000008a900000, 0x000000008a900000, 0x000000008aa00000|  0%| F|  |TAMS 0x000000008a900000, 0x000000008a900000| Untracked 
| 142|0x000000008aa00000, 0x000000008aa00000, 0x000000008ab00000|  0%| F|  |TAMS 0x000000008aa00000, 0x000000008aa00000| Untracked 
| 143|0x000000008ab00000, 0x000000008ab00000, 0x000000008ac00000|  0%| F|  |TAMS 0x000000008ab00000, 0x000000008ab00000| Untracked 
| 144|0x000000008ac00000, 0x000000008ac00000, 0x000000008ad00000|  0%| F|  |TAMS 0x000000008ac00000, 0x000000008ac00000| Untracked 
| 145|0x000000008ad00000, 0x000000008ad00000, 0x000000008ae00000|  0%| F|  |TAMS 0x000000008ad00000, 0x000000008ad00000| Untracked 
| 146|0x000000008ae00000, 0x000000008ae00000, 0x000000008af00000|  0%| F|  |TAMS 0x000000008ae00000, 0x000000008ae00000| Untracked 
| 147|0x000000008af00000, 0x000000008af00000, 0x000000008b000000|  0%| F|  |TAMS 0x000000008af00000, 0x000000008af00000| Untracked 
| 148|0x000000008b000000, 0x000000008b000000, 0x000000008b100000|  0%| F|  |TAMS 0x000000008b000000, 0x000000008b000000| Untracked 
| 149|0x000000008b100000, 0x000000008b100000, 0x000000008b200000|  0%| F|  |TAMS 0x000000008b100000, 0x000000008b100000| Untracked 
| 150|0x000000008b200000, 0x000000008b200000, 0x000000008b300000|  0%| F|  |TAMS 0x000000008b200000, 0x000000008b200000| Untracked 
| 151|0x000000008b300000, 0x000000008b300000, 0x000000008b400000|  0%| F|  |TAMS 0x000000008b300000, 0x000000008b300000| Untracked 
| 152|0x000000008b400000, 0x000000008b400000, 0x000000008b500000|  0%| F|  |TAMS 0x000000008b400000, 0x000000008b400000| Untracked 
| 153|0x000000008b500000, 0x000000008b500000, 0x000000008b600000|  0%| F|  |TAMS 0x000000008b500000, 0x000000008b500000| Untracked 
| 154|0x000000008b600000, 0x000000008b600000, 0x000000008b700000|  0%| F|  |TAMS 0x000000008b600000, 0x000000008b600000| Untracked 
| 155|0x000000008b700000, 0x000000008b700000, 0x000000008b800000|  0%| F|  |TAMS 0x000000008b700000, 0x000000008b700000| Untracked 
| 156|0x000000008b800000, 0x000000008b800000, 0x000000008b900000|  0%| F|  |TAMS 0x000000008b800000, 0x000000008b800000| Untracked 
| 157|0x000000008b900000, 0x000000008b900000, 0x000000008ba00000|  0%| F|  |TAMS 0x000000008b900000, 0x000000008b900000| Untracked 
| 158|0x000000008ba00000, 0x000000008ba00000, 0x000000008bb00000|  0%| F|  |TAMS 0x000000008ba00000, 0x000000008ba00000| Untracked 
| 159|0x000000008bb00000, 0x000000008bb00000, 0x000000008bc00000|  0%| F|  |TAMS 0x000000008bb00000, 0x000000008bb00000| Untracked 
| 160|0x000000008bc00000, 0x000000008bc00000, 0x000000008bd00000|  0%| F|  |TAMS 0x000000008bc00000, 0x000000008bc00000| Untracked 
| 161|0x000000008bd00000, 0x000000008bd00000, 0x000000008be00000|  0%| F|  |TAMS 0x000000008bd00000, 0x000000008bd00000| Untracked 
| 162|0x000000008be00000, 0x000000008be00000, 0x000000008bf00000|  0%| F|  |TAMS 0x000000008be00000, 0x000000008be00000| Untracked 
| 163|0x000000008bf00000, 0x000000008bf00000, 0x000000008c000000|  0%| F|  |TAMS 0x000000008bf00000, 0x000000008bf00000| Untracked 
| 164|0x000000008c000000, 0x000000008c000000, 0x000000008c100000|  0%| F|  |TAMS 0x000000008c000000, 0x000000008c000000| Untracked 
| 165|0x000000008c100000, 0x000000008c100000, 0x000000008c200000|  0%| F|  |TAMS 0x000000008c100000, 0x000000008c100000| Untracked 
| 166|0x000000008c200000, 0x000000008c200000, 0x000000008c300000|  0%| F|  |TAMS 0x000000008c200000, 0x000000008c200000| Untracked 
| 167|0x000000008c300000, 0x000000008c300000, 0x000000008c400000|  0%| F|  |TAMS 0x000000008c300000, 0x000000008c300000| Untracked 
| 168|0x000000008c400000, 0x000000008c400000, 0x000000008c500000|  0%| F|  |TAMS 0x000000008c400000, 0x000000008c400000| Untracked 
| 169|0x000000008c500000, 0x000000008c500000, 0x000000008c600000|  0%| F|  |TAMS 0x000000008c500000, 0x000000008c500000| Untracked 
| 170|0x000000008c600000, 0x000000008c600000, 0x000000008c700000|  0%| F|  |TAMS 0x000000008c600000, 0x000000008c600000| Untracked 
| 171|0x000000008c700000, 0x000000008c700000, 0x000000008c800000|  0%| F|  |TAMS 0x000000008c700000, 0x000000008c700000| Untracked 
| 172|0x000000008c800000, 0x000000008c800000, 0x000000008c900000|  0%| F|  |TAMS 0x000000008c800000, 0x000000008c800000| Untracked 
| 173|0x000000008c900000, 0x000000008c900000, 0x000000008ca00000|  0%| F|  |TAMS 0x000000008c900000, 0x000000008c900000| Untracked 
| 174|0x000000008ca00000, 0x000000008ca00000, 0x000000008cb00000|  0%| F|  |TAMS 0x000000008ca00000, 0x000000008ca00000| Untracked 
| 175|0x000000008cb00000, 0x000000008cb00000, 0x000000008cc00000|  0%| F|  |TAMS 0x000000008cb00000, 0x000000008cb00000| Untracked 
| 176|0x000000008cc00000, 0x000000008cc00000, 0x000000008cd00000|  0%| F|  |TAMS 0x000000008cc00000, 0x000000008cc00000| Untracked 
| 177|0x000000008cd00000, 0x000000008cd00000, 0x000000008ce00000|  0%| F|  |TAMS 0x000000008cd00000, 0x000000008cd00000| Untracked 
| 178|0x000000008ce00000, 0x000000008ce00000, 0x000000008cf00000|  0%| F|  |TAMS 0x000000008ce00000, 0x000000008ce00000| Untracked 
| 179|0x000000008cf00000, 0x000000008cf00000, 0x000000008d000000|  0%| F|  |TAMS 0x000000008cf00000, 0x000000008cf00000| Untracked 
| 180|0x000000008d000000, 0x000000008d000000, 0x000000008d100000|  0%| F|  |TAMS 0x000000008d000000, 0x000000008d000000| Untracked 
| 181|0x000000008d100000, 0x000000008d100000, 0x000000008d200000|  0%| F|  |TAMS 0x000000008d100000, 0x000000008d100000| Untracked 
| 182|0x000000008d200000, 0x000000008d200000, 0x000000008d300000|  0%| F|  |TAMS 0x000000008d200000, 0x000000008d200000| Untracked 
| 183|0x000000008d300000, 0x000000008d300000, 0x000000008d400000|  0%| F|  |TAMS 0x000000008d300000, 0x000000008d300000| Untracked 
| 184|0x000000008d400000, 0x000000008d400000, 0x000000008d500000|  0%| F|  |TAMS 0x000000008d400000, 0x000000008d400000| Untracked 
| 185|0x000000008d500000, 0x000000008d500000, 0x000000008d600000|  0%| F|  |TAMS 0x000000008d500000, 0x000000008d500000| Untracked 
| 186|0x000000008d600000, 0x000000008d600000, 0x000000008d700000|  0%| F|  |TAMS 0x000000008d600000, 0x000000008d600000| Untracked 
| 187|0x000000008d700000, 0x000000008d700000, 0x000000008d800000|  0%| F|  |TAMS 0x000000008d700000, 0x000000008d700000| Untracked 
| 188|0x000000008d800000, 0x000000008d800000, 0x000000008d900000|  0%| F|  |TAMS 0x000000008d800000, 0x000000008d800000| Untracked 
| 189|0x000000008d900000, 0x000000008d900000, 0x000000008da00000|  0%| F|  |TAMS 0x000000008d900000, 0x000000008d900000| Untracked 
| 190|0x000000008da00000, 0x000000008da00000, 0x000000008db00000|  0%| F|  |TAMS 0x000000008da00000, 0x000000008da00000| Untracked 
| 191|0x000000008db00000, 0x000000008db00000, 0x000000008dc00000|  0%| F|  |TAMS 0x000000008db00000, 0x000000008db00000| Untracked 
| 192|0x000000008dc00000, 0x000000008dc00000, 0x000000008dd00000|  0%| F|  |TAMS 0x000000008dc00000, 0x000000008dc00000| Untracked 
| 193|0x000000008dd00000, 0x000000008dd00000, 0x000000008de00000|  0%| F|  |TAMS 0x000000008dd00000, 0x000000008dd00000| Untracked 
| 194|0x000000008de00000, 0x000000008de00000, 0x000000008df00000|  0%| F|  |TAMS 0x000000008de00000, 0x000000008de00000| Untracked 
| 195|0x000000008df00000, 0x000000008df00000, 0x000000008e000000|  0%| F|  |TAMS 0x000000008df00000, 0x000000008df00000| Untracked 
| 196|0x000000008e000000, 0x000000008e000000, 0x000000008e100000|  0%| F|  |TAMS 0x000000008e000000, 0x000000008e000000| Untracked 
| 197|0x000000008e100000, 0x000000008e100000, 0x000000008e200000|  0%| F|  |TAMS 0x000000008e100000, 0x000000008e100000| Untracked 
| 198|0x000000008e200000, 0x000000008e200000, 0x000000008e300000|  0%| F|  |TAMS 0x000000008e200000, 0x000000008e200000| Untracked 
| 199|0x000000008e300000, 0x000000008e300000, 0x000000008e400000|  0%| F|  |TAMS 0x000000008e300000, 0x000000008e300000| Untracked 
| 200|0x000000008e400000, 0x000000008e400000, 0x000000008e500000|  0%| F|  |TAMS 0x000000008e400000, 0x000000008e400000| Untracked 
| 201|0x000000008e500000, 0x000000008e500000, 0x000000008e600000|  0%| F|  |TAMS 0x000000008e500000, 0x000000008e500000| Untracked 
| 202|0x000000008e600000, 0x000000008e600000, 0x000000008e700000|  0%| F|  |TAMS 0x000000008e600000, 0x000000008e600000| Untracked 
| 203|0x000000008e700000, 0x000000008e700000, 0x000000008e800000|  0%| F|  |TAMS 0x000000008e700000, 0x000000008e700000| Untracked 
| 204|0x000000008e800000, 0x000000008e800000, 0x000000008e900000|  0%| F|  |TAMS 0x000000008e800000, 0x000000008e800000| Untracked 
| 205|0x000000008e900000, 0x000000008e900000, 0x000000008ea00000|  0%| F|  |TAMS 0x000000008e900000, 0x000000008e900000| Untracked 
| 206|0x000000008ea00000, 0x000000008eb00000, 0x000000008eb00000|100%| S|CS|TAMS 0x000000008ea00000, 0x000000008ea00000| Complete 
| 207|0x000000008eb00000, 0x000000008ec00000, 0x000000008ec00000|100%| S|CS|TAMS 0x000000008eb00000, 0x000000008eb00000| Complete 
| 208|0x000000008ec00000, 0x000000008ed00000, 0x000000008ed00000|100%| S|CS|TAMS 0x000000008ec00000, 0x000000008ec00000| Complete 
| 209|0x000000008ed00000, 0x000000008ee00000, 0x000000008ee00000|100%| S|CS|TAMS 0x000000008ed00000, 0x000000008ed00000| Complete 
| 210|0x000000008ee00000, 0x000000008ef00000, 0x000000008ef00000|100%| S|CS|TAMS 0x000000008ee00000, 0x000000008ee00000| Complete 
| 211|0x000000008ef00000, 0x000000008f000000, 0x000000008f000000|100%| S|CS|TAMS 0x000000008ef00000, 0x000000008ef00000| Complete 
| 212|0x000000008f000000, 0x000000008f100000, 0x000000008f100000|100%| S|CS|TAMS 0x000000008f000000, 0x000000008f000000| Complete 
| 213|0x000000008f100000, 0x000000008f200000, 0x000000008f200000|100%| S|CS|TAMS 0x000000008f100000, 0x000000008f100000| Complete 
| 214|0x000000008f200000, 0x000000008f300000, 0x000000008f300000|100%| S|CS|TAMS 0x000000008f200000, 0x000000008f200000| Complete 
| 215|0x000000008f300000, 0x000000008f400000, 0x000000008f400000|100%| S|CS|TAMS 0x000000008f300000, 0x000000008f300000| Complete 
| 216|0x000000008f400000, 0x000000008f500000, 0x000000008f500000|100%| S|CS|TAMS 0x000000008f400000, 0x000000008f400000| Complete 
| 217|0x000000008f500000, 0x000000008f600000, 0x000000008f600000|100%| S|CS|TAMS 0x000000008f500000, 0x000000008f500000| Complete 
| 218|0x000000008f600000, 0x000000008f700000, 0x000000008f700000|100%| S|CS|TAMS 0x000000008f600000, 0x000000008f600000| Complete 
| 219|0x000000008f700000, 0x000000008f700000, 0x000000008f800000|  0%| F|  |TAMS 0x000000008f700000, 0x000000008f700000| Untracked 
| 220|0x000000008f800000, 0x000000008f800000, 0x000000008f900000|  0%| F|  |TAMS 0x000000008f800000, 0x000000008f800000| Untracked 
| 221|0x000000008f900000, 0x000000008f900000, 0x000000008fa00000|  0%| F|  |TAMS 0x000000008f900000, 0x000000008f900000| Untracked 
| 222|0x000000008fa00000, 0x000000008fa00000, 0x000000008fb00000|  0%| F|  |TAMS 0x000000008fa00000, 0x000000008fa00000| Untracked 
| 223|0x000000008fb00000, 0x000000008fb00000, 0x000000008fc00000|  0%| F|  |TAMS 0x000000008fb00000, 0x000000008fb00000| Untracked 
| 224|0x000000008fc00000, 0x000000008fc00000, 0x000000008fd00000|  0%| F|  |TAMS 0x000000008fc00000, 0x000000008fc00000| Untracked 
| 225|0x000000008fd00000, 0x000000008fd00000, 0x000000008fe00000|  0%| F|  |TAMS 0x000000008fd00000, 0x000000008fd00000| Untracked 
| 226|0x000000008fe00000, 0x000000008fe00000, 0x000000008ff00000|  0%| F|  |TAMS 0x000000008fe00000, 0x000000008fe00000| Untracked 
| 227|0x000000008ff00000, 0x000000008ff00000, 0x0000000090000000|  0%| F|  |TAMS 0x000000008ff00000, 0x000000008ff00000| Untracked 
| 228|0x0000000090000000, 0x0000000090000000, 0x0000000090100000|  0%| F|  |TAMS 0x0000000090000000, 0x0000000090000000| Untracked 
| 229|0x0000000090100000, 0x0000000090100000, 0x0000000090200000|  0%| F|  |TAMS 0x0000000090100000, 0x0000000090100000| Untracked 
| 230|0x0000000090200000, 0x0000000090200000, 0x0000000090300000|  0%| F|  |TAMS 0x0000000090200000, 0x0000000090200000| Untracked 
| 231|0x0000000090300000, 0x0000000090300000, 0x0000000090400000|  0%| F|  |TAMS 0x0000000090300000, 0x0000000090300000| Untracked 
| 232|0x0000000090400000, 0x0000000090400000, 0x0000000090500000|  0%| F|  |TAMS 0x0000000090400000, 0x0000000090400000| Untracked 
| 233|0x0000000090500000, 0x0000000090500000, 0x0000000090600000|  0%| F|  |TAMS 0x0000000090500000, 0x0000000090500000| Untracked 
| 234|0x0000000090600000, 0x0000000090600000, 0x0000000090700000|  0%| F|  |TAMS 0x0000000090600000, 0x0000000090600000| Untracked 
| 235|0x0000000090700000, 0x0000000090700000, 0x0000000090800000|  0%| F|  |TAMS 0x0000000090700000, 0x0000000090700000| Untracked 
| 236|0x0000000090800000, 0x0000000090800000, 0x0000000090900000|  0%| F|  |TAMS 0x0000000090800000, 0x0000000090800000| Untracked 
| 237|0x0000000090900000, 0x0000000090900000, 0x0000000090a00000|  0%| F|  |TAMS 0x0000000090900000, 0x0000000090900000| Untracked 
| 238|0x0000000090a00000, 0x0000000090a00000, 0x0000000090b00000|  0%| F|  |TAMS 0x0000000090a00000, 0x0000000090a00000| Untracked 
| 239|0x0000000090b00000, 0x0000000090b00000, 0x0000000090c00000|  0%| F|  |TAMS 0x0000000090b00000, 0x0000000090b00000| Untracked 
| 240|0x0000000090c00000, 0x0000000090c00000, 0x0000000090d00000|  0%| F|  |TAMS 0x0000000090c00000, 0x0000000090c00000| Untracked 
| 241|0x0000000090d00000, 0x0000000090d00000, 0x0000000090e00000|  0%| F|  |TAMS 0x0000000090d00000, 0x0000000090d00000| Untracked 
| 242|0x0000000090e00000, 0x0000000090e00000, 0x0000000090f00000|  0%| F|  |TAMS 0x0000000090e00000, 0x0000000090e00000| Untracked 
| 243|0x0000000090f00000, 0x0000000090f00000, 0x0000000091000000|  0%| F|  |TAMS 0x0000000090f00000, 0x0000000090f00000| Untracked 
| 244|0x0000000091000000, 0x0000000091000000, 0x0000000091100000|  0%| F|  |TAMS 0x0000000091000000, 0x0000000091000000| Untracked 
| 245|0x0000000091100000, 0x0000000091100000, 0x0000000091200000|  0%| F|  |TAMS 0x0000000091100000, 0x0000000091100000| Untracked 
| 246|0x0000000091200000, 0x0000000091200000, 0x0000000091300000|  0%| F|  |TAMS 0x0000000091200000, 0x0000000091200000| Untracked 
| 247|0x0000000091300000, 0x0000000091300000, 0x0000000091400000|  0%| F|  |TAMS 0x0000000091300000, 0x0000000091300000| Untracked 
| 248|0x0000000091400000, 0x0000000091400000, 0x0000000091500000|  0%| F|  |TAMS 0x0000000091400000, 0x0000000091400000| Untracked 
| 249|0x0000000091500000, 0x0000000091500000, 0x0000000091600000|  0%| F|  |TAMS 0x0000000091500000, 0x0000000091500000| Untracked 
| 250|0x0000000091600000, 0x0000000091600000, 0x0000000091700000|  0%| F|  |TAMS 0x0000000091600000, 0x0000000091600000| Untracked 
| 251|0x0000000091700000, 0x0000000091700000, 0x0000000091800000|  0%| F|  |TAMS 0x0000000091700000, 0x0000000091700000| Untracked 
| 252|0x0000000091800000, 0x0000000091800000, 0x0000000091900000|  0%| F|  |TAMS 0x0000000091800000, 0x0000000091800000| Untracked 
| 253|0x0000000091900000, 0x0000000091900000, 0x0000000091a00000|  0%| F|  |TAMS 0x0000000091900000, 0x0000000091900000| Untracked 
| 254|0x0000000091a00000, 0x0000000091a00000, 0x0000000091b00000|  0%| F|  |TAMS 0x0000000091a00000, 0x0000000091a00000| Untracked 
| 255|0x0000000091b00000, 0x0000000091b00000, 0x0000000091c00000|  0%| F|  |TAMS 0x0000000091b00000, 0x0000000091b00000| Untracked 
| 256|0x0000000091c00000, 0x0000000091c00000, 0x0000000091d00000|  0%| F|  |TAMS 0x0000000091c00000, 0x0000000091c00000| Untracked 
| 257|0x0000000091d00000, 0x0000000091d00000, 0x0000000091e00000|  0%| F|  |TAMS 0x0000000091d00000, 0x0000000091d00000| Untracked 
| 258|0x0000000091e00000, 0x0000000091e00000, 0x0000000091f00000|  0%| F|  |TAMS 0x0000000091e00000, 0x0000000091e00000| Untracked 
| 259|0x0000000091f00000, 0x0000000091f00000, 0x0000000092000000|  0%| F|  |TAMS 0x0000000091f00000, 0x0000000091f00000| Untracked 
| 260|0x0000000092000000, 0x0000000092000000, 0x0000000092100000|  0%| F|  |TAMS 0x0000000092000000, 0x0000000092000000| Untracked 
| 261|0x0000000092100000, 0x0000000092100000, 0x0000000092200000|  0%| F|  |TAMS 0x0000000092100000, 0x0000000092100000| Untracked 
| 262|0x0000000092200000, 0x0000000092200000, 0x0000000092300000|  0%| F|  |TAMS 0x0000000092200000, 0x0000000092200000| Untracked 
| 263|0x0000000092300000, 0x0000000092300000, 0x0000000092400000|  0%| F|  |TAMS 0x0000000092300000, 0x0000000092300000| Untracked 
| 264|0x0000000092400000, 0x0000000092400000, 0x0000000092500000|  0%| F|  |TAMS 0x0000000092400000, 0x0000000092400000| Untracked 
| 265|0x0000000092500000, 0x0000000092500000, 0x0000000092600000|  0%| F|  |TAMS 0x0000000092500000, 0x0000000092500000| Untracked 
| 266|0x0000000092600000, 0x0000000092600000, 0x0000000092700000|  0%| F|  |TAMS 0x0000000092600000, 0x0000000092600000| Untracked 
| 267|0x0000000092700000, 0x0000000092700000, 0x0000000092800000|  0%| F|  |TAMS 0x0000000092700000, 0x0000000092700000| Untracked 
| 268|0x0000000092800000, 0x0000000092800000, 0x0000000092900000|  0%| F|  |TAMS 0x0000000092800000, 0x0000000092800000| Untracked 
| 269|0x0000000092900000, 0x0000000092900000, 0x0000000092a00000|  0%| F|  |TAMS 0x0000000092900000, 0x0000000092900000| Untracked 
| 270|0x0000000092a00000, 0x0000000092a00000, 0x0000000092b00000|  0%| F|  |TAMS 0x0000000092a00000, 0x0000000092a00000| Untracked 
| 271|0x0000000092b00000, 0x0000000092b00000, 0x0000000092c00000|  0%| F|  |TAMS 0x0000000092b00000, 0x0000000092b00000| Untracked 
| 272|0x0000000092c00000, 0x0000000092c00000, 0x0000000092d00000|  0%| F|  |TAMS 0x0000000092c00000, 0x0000000092c00000| Untracked 
| 273|0x0000000092d00000, 0x0000000092d00000, 0x0000000092e00000|  0%| F|  |TAMS 0x0000000092d00000, 0x0000000092d00000| Untracked 
| 274|0x0000000092e00000, 0x0000000092e00000, 0x0000000092f00000|  0%| F|  |TAMS 0x0000000092e00000, 0x0000000092e00000| Untracked 
| 275|0x0000000092f00000, 0x0000000092f00000, 0x0000000093000000|  0%| F|  |TAMS 0x0000000092f00000, 0x0000000092f00000| Untracked 
| 276|0x0000000093000000, 0x0000000093000000, 0x0000000093100000|  0%| F|  |TAMS 0x0000000093000000, 0x0000000093000000| Untracked 
| 277|0x0000000093100000, 0x0000000093100000, 0x0000000093200000|  0%| F|  |TAMS 0x0000000093100000, 0x0000000093100000| Untracked 
| 278|0x0000000093200000, 0x0000000093200000, 0x0000000093300000|  0%| F|  |TAMS 0x0000000093200000, 0x0000000093200000| Untracked 
| 279|0x0000000093300000, 0x0000000093300000, 0x0000000093400000|  0%| F|  |TAMS 0x0000000093300000, 0x0000000093300000| Untracked 
| 280|0x0000000093400000, 0x0000000093400000, 0x0000000093500000|  0%| F|  |TAMS 0x0000000093400000, 0x0000000093400000| Untracked 
| 281|0x0000000093500000, 0x0000000093500000, 0x0000000093600000|  0%| F|  |TAMS 0x0000000093500000, 0x0000000093500000| Untracked 
| 282|0x0000000093600000, 0x0000000093600000, 0x0000000093700000|  0%| F|  |TAMS 0x0000000093600000, 0x0000000093600000| Untracked 
| 283|0x0000000093700000, 0x0000000093700000, 0x0000000093800000|  0%| F|  |TAMS 0x0000000093700000, 0x0000000093700000| Untracked 
| 284|0x0000000093800000, 0x0000000093800000, 0x0000000093900000|  0%| F|  |TAMS 0x0000000093800000, 0x0000000093800000| Untracked 
| 285|0x0000000093900000, 0x0000000093900000, 0x0000000093a00000|  0%| F|  |TAMS 0x0000000093900000, 0x0000000093900000| Untracked 
| 286|0x0000000093a00000, 0x0000000093a00000, 0x0000000093b00000|  0%| F|  |TAMS 0x0000000093a00000, 0x0000000093a00000| Untracked 
| 287|0x0000000093b00000, 0x0000000093b00000, 0x0000000093c00000|  0%| F|  |TAMS 0x0000000093b00000, 0x0000000093b00000| Untracked 
| 288|0x0000000093c00000, 0x0000000093c00000, 0x0000000093d00000|  0%| F|  |TAMS 0x0000000093c00000, 0x0000000093c00000| Untracked 
| 289|0x0000000093d00000, 0x0000000093d00000, 0x0000000093e00000|  0%| F|  |TAMS 0x0000000093d00000, 0x0000000093d00000| Untracked 
| 290|0x0000000093e00000, 0x0000000093e00000, 0x0000000093f00000|  0%| F|  |TAMS 0x0000000093e00000, 0x0000000093e00000| Untracked 
| 291|0x0000000093f00000, 0x0000000093f00000, 0x0000000094000000|  0%| F|  |TAMS 0x0000000093f00000, 0x0000000093f00000| Untracked 
| 292|0x0000000094000000, 0x0000000094000000, 0x0000000094100000|  0%| F|  |TAMS 0x0000000094000000, 0x0000000094000000| Untracked 
| 293|0x0000000094100000, 0x0000000094100000, 0x0000000094200000|  0%| F|  |TAMS 0x0000000094100000, 0x0000000094100000| Untracked 
| 294|0x0000000094200000, 0x0000000094200000, 0x0000000094300000|  0%| F|  |TAMS 0x0000000094200000, 0x0000000094200000| Untracked 
| 295|0x0000000094300000, 0x0000000094300000, 0x0000000094400000|  0%| F|  |TAMS 0x0000000094300000, 0x0000000094300000| Untracked 
| 296|0x0000000094400000, 0x0000000094400000, 0x0000000094500000|  0%| F|  |TAMS 0x0000000094400000, 0x0000000094400000| Untracked 
| 297|0x0000000094500000, 0x0000000094500000, 0x0000000094600000|  0%| F|  |TAMS 0x0000000094500000, 0x0000000094500000| Untracked 
| 298|0x0000000094600000, 0x0000000094600000, 0x0000000094700000|  0%| F|  |TAMS 0x0000000094600000, 0x0000000094600000| Untracked 
| 299|0x0000000094700000, 0x0000000094700000, 0x0000000094800000|  0%| F|  |TAMS 0x0000000094700000, 0x0000000094700000| Untracked 
| 300|0x0000000094800000, 0x0000000094800000, 0x0000000094900000|  0%| F|  |TAMS 0x0000000094800000, 0x0000000094800000| Untracked 
| 301|0x0000000094900000, 0x0000000094900000, 0x0000000094a00000|  0%| F|  |TAMS 0x0000000094900000, 0x0000000094900000| Untracked 
| 302|0x0000000094a00000, 0x0000000094a00000, 0x0000000094b00000|  0%| F|  |TAMS 0x0000000094a00000, 0x0000000094a00000| Untracked 
| 303|0x0000000094b00000, 0x0000000094b00000, 0x0000000094c00000|  0%| F|  |TAMS 0x0000000094b00000, 0x0000000094b00000| Untracked 
| 304|0x0000000094c00000, 0x0000000094c00000, 0x0000000094d00000|  0%| F|  |TAMS 0x0000000094c00000, 0x0000000094c00000| Untracked 
| 305|0x0000000094d00000, 0x0000000094d00000, 0x0000000094e00000|  0%| F|  |TAMS 0x0000000094d00000, 0x0000000094d00000| Untracked 
| 306|0x0000000094e00000, 0x0000000094e00000, 0x0000000094f00000|  0%| F|  |TAMS 0x0000000094e00000, 0x0000000094e00000| Untracked 
| 307|0x0000000094f00000, 0x0000000094f00000, 0x0000000095000000|  0%| F|  |TAMS 0x0000000094f00000, 0x0000000094f00000| Untracked 
| 308|0x0000000095000000, 0x0000000095000000, 0x0000000095100000|  0%| F|  |TAMS 0x0000000095000000, 0x0000000095000000| Untracked 
| 309|0x0000000095100000, 0x0000000095100000, 0x0000000095200000|  0%| F|  |TAMS 0x0000000095100000, 0x0000000095100000| Untracked 
| 310|0x0000000095200000, 0x0000000095200000, 0x0000000095300000|  0%| F|  |TAMS 0x0000000095200000, 0x0000000095200000| Untracked 
| 311|0x0000000095300000, 0x0000000095300000, 0x0000000095400000|  0%| F|  |TAMS 0x0000000095300000, 0x0000000095300000| Untracked 
| 312|0x0000000095400000, 0x0000000095400000, 0x0000000095500000|  0%| F|  |TAMS 0x0000000095400000, 0x0000000095400000| Untracked 
| 313|0x0000000095500000, 0x0000000095500000, 0x0000000095600000|  0%| F|  |TAMS 0x0000000095500000, 0x0000000095500000| Untracked 
| 314|0x0000000095600000, 0x0000000095600000, 0x0000000095700000|  0%| F|  |TAMS 0x0000000095600000, 0x0000000095600000| Untracked 
| 315|0x0000000095700000, 0x0000000095700000, 0x0000000095800000|  0%| F|  |TAMS 0x0000000095700000, 0x0000000095700000| Untracked 
| 316|0x0000000095800000, 0x0000000095800000, 0x0000000095900000|  0%| F|  |TAMS 0x0000000095800000, 0x0000000095800000| Untracked 
| 317|0x0000000095900000, 0x0000000095900000, 0x0000000095a00000|  0%| F|  |TAMS 0x0000000095900000, 0x0000000095900000| Untracked 
| 318|0x0000000095a00000, 0x0000000095a00000, 0x0000000095b00000|  0%| F|  |TAMS 0x0000000095a00000, 0x0000000095a00000| Untracked 
| 319|0x0000000095b00000, 0x0000000095b00000, 0x0000000095c00000|  0%| F|  |TAMS 0x0000000095b00000, 0x0000000095b00000| Untracked 
| 320|0x0000000095c00000, 0x0000000095c00000, 0x0000000095d00000|  0%| F|  |TAMS 0x0000000095c00000, 0x0000000095c00000| Untracked 
| 321|0x0000000095d00000, 0x0000000095d00000, 0x0000000095e00000|  0%| F|  |TAMS 0x0000000095d00000, 0x0000000095d00000| Untracked 
| 322|0x0000000095e00000, 0x0000000095e00000, 0x0000000095f00000|  0%| F|  |TAMS 0x0000000095e00000, 0x0000000095e00000| Untracked 
| 323|0x0000000095f00000, 0x0000000095f00000, 0x0000000096000000|  0%| F|  |TAMS 0x0000000095f00000, 0x0000000095f00000| Untracked 
| 324|0x0000000096000000, 0x0000000096000000, 0x0000000096100000|  0%| F|  |TAMS 0x0000000096000000, 0x0000000096000000| Untracked 
| 325|0x0000000096100000, 0x0000000096100000, 0x0000000096200000|  0%| F|  |TAMS 0x0000000096100000, 0x0000000096100000| Untracked 
| 326|0x0000000096200000, 0x0000000096200000, 0x0000000096300000|  0%| F|  |TAMS 0x0000000096200000, 0x0000000096200000| Untracked 
| 327|0x0000000096300000, 0x0000000096300000, 0x0000000096400000|  0%| F|  |TAMS 0x0000000096300000, 0x0000000096300000| Untracked 
| 328|0x0000000096400000, 0x0000000096400000, 0x0000000096500000|  0%| F|  |TAMS 0x0000000096400000, 0x0000000096400000| Untracked 
| 329|0x0000000096500000, 0x0000000096500000, 0x0000000096600000|  0%| F|  |TAMS 0x0000000096500000, 0x0000000096500000| Untracked 
| 330|0x0000000096600000, 0x0000000096600000, 0x0000000096700000|  0%| F|  |TAMS 0x0000000096600000, 0x0000000096600000| Untracked 
| 331|0x0000000096700000, 0x0000000096700000, 0x0000000096800000|  0%| F|  |TAMS 0x0000000096700000, 0x0000000096700000| Untracked 
| 332|0x0000000096800000, 0x0000000096800000, 0x0000000096900000|  0%| F|  |TAMS 0x0000000096800000, 0x0000000096800000| Untracked 
| 333|0x0000000096900000, 0x0000000096900000, 0x0000000096a00000|  0%| F|  |TAMS 0x0000000096900000, 0x0000000096900000| Untracked 
| 334|0x0000000096a00000, 0x0000000096a00000, 0x0000000096b00000|  0%| F|  |TAMS 0x0000000096a00000, 0x0000000096a00000| Untracked 
| 335|0x0000000096b00000, 0x0000000096b00000, 0x0000000096c00000|  0%| F|  |TAMS 0x0000000096b00000, 0x0000000096b00000| Untracked 
| 336|0x0000000096c00000, 0x0000000096c00000, 0x0000000096d00000|  0%| F|  |TAMS 0x0000000096c00000, 0x0000000096c00000| Untracked 
| 337|0x0000000096d00000, 0x0000000096d00000, 0x0000000096e00000|  0%| F|  |TAMS 0x0000000096d00000, 0x0000000096d00000| Untracked 
| 338|0x0000000096e00000, 0x0000000096e00000, 0x0000000096f00000|  0%| F|  |TAMS 0x0000000096e00000, 0x0000000096e00000| Untracked 
| 339|0x0000000096f00000, 0x0000000096f00000, 0x0000000097000000|  0%| F|  |TAMS 0x0000000096f00000, 0x0000000096f00000| Untracked 
| 340|0x0000000097000000, 0x0000000097000000, 0x0000000097100000|  0%| F|  |TAMS 0x0000000097000000, 0x0000000097000000| Untracked 
| 341|0x0000000097100000, 0x0000000097100000, 0x0000000097200000|  0%| F|  |TAMS 0x0000000097100000, 0x0000000097100000| Untracked 
| 342|0x0000000097200000, 0x0000000097200000, 0x0000000097300000|  0%| F|  |TAMS 0x0000000097200000, 0x0000000097200000| Untracked 
| 343|0x0000000097300000, 0x0000000097300000, 0x0000000097400000|  0%| F|  |TAMS 0x0000000097300000, 0x0000000097300000| Untracked 
| 344|0x0000000097400000, 0x0000000097400000, 0x0000000097500000|  0%| F|  |TAMS 0x0000000097400000, 0x0000000097400000| Untracked 
| 345|0x0000000097500000, 0x0000000097500000, 0x0000000097600000|  0%| F|  |TAMS 0x0000000097500000, 0x0000000097500000| Untracked 
| 346|0x0000000097600000, 0x0000000097600000, 0x0000000097700000|  0%| F|  |TAMS 0x0000000097600000, 0x0000000097600000| Untracked 
| 347|0x0000000097700000, 0x0000000097700000, 0x0000000097800000|  0%| F|  |TAMS 0x0000000097700000, 0x0000000097700000| Untracked 
| 348|0x0000000097800000, 0x0000000097800000, 0x0000000097900000|  0%| F|  |TAMS 0x0000000097800000, 0x0000000097800000| Untracked 
| 349|0x0000000097900000, 0x0000000097900000, 0x0000000097a00000|  0%| F|  |TAMS 0x0000000097900000, 0x0000000097900000| Untracked 
| 350|0x0000000097a00000, 0x0000000097a00000, 0x0000000097b00000|  0%| F|  |TAMS 0x0000000097a00000, 0x0000000097a00000| Untracked 
| 351|0x0000000097b00000, 0x0000000097b00000, 0x0000000097c00000|  0%| F|  |TAMS 0x0000000097b00000, 0x0000000097b00000| Untracked 
| 352|0x0000000097c00000, 0x0000000097c00000, 0x0000000097d00000|  0%| F|  |TAMS 0x0000000097c00000, 0x0000000097c00000| Untracked 
| 353|0x0000000097d00000, 0x0000000097d00000, 0x0000000097e00000|  0%| F|  |TAMS 0x0000000097d00000, 0x0000000097d00000| Untracked 
| 354|0x0000000097e00000, 0x0000000097e00000, 0x0000000097f00000|  0%| F|  |TAMS 0x0000000097e00000, 0x0000000097e00000| Untracked 
| 355|0x0000000097f00000, 0x0000000097f00000, 0x0000000098000000|  0%| F|  |TAMS 0x0000000097f00000, 0x0000000097f00000| Untracked 

Card table byte_map: [0x000001481a7e0000,0x000001481abe0000] _byte_map_base: 0x000001481a3d2000

Marking Bits (Prev, Next): (CMBitMap*) 0x000001480fbab3c0, (CMBitMap*) 0x000001480fbab380
 Prev Bits: [0x000001481cf70000, 0x000001481ef00000)
 Next Bits: [0x000001481afe0000, 0x000001481cf70000)

Polling page: 0x000001480d990000

Metaspace:

Usage:
  Non-class:     49.75 MB used.
      Class:      8.05 MB used.
       Both:     57.80 MB used.

Virtual space:
  Non-class space:       56.00 MB reserved,      50.06 MB ( 89%) committed,  7 nodes.
      Class space:        1.00 GB reserved,       8.38 MB ( <1%) committed,  1 nodes.
             Both:        1.05 GB reserved,      58.44 MB (  5%) committed. 

Chunk freelists:
   Non-Class:  1.43 MB
       Class:  3.55 MB
        Both:  4.98 MB

MaxMetaspaceSize: unlimited
CompressedClassSpaceSize: 1.00 GB
Initial GC threshold: 21.00 MB
Current GC threshold: 97.31 MB
CDS: on
MetaspaceReclaimPolicy: balanced
 - commit_granule_bytes: 65536.
 - commit_granule_words: 8192.
 - virtual_space_node_default_size: 1048576.
 - enlarge_chunks_in_place: 1.
 - new_chunks_are_fully_committed: 0.
 - uncommit_free_chunks: 1.
 - use_allocation_guard: 0.
 - handle_deallocations: 1.


Internal statistics:

num_allocs_failed_limit: 34.
num_arena_births: 664.
num_arena_deaths: 216.
num_vsnodes_births: 8.
num_vsnodes_deaths: 0.
num_space_committed: 936.
num_space_uncommitted: 1.
num_chunks_returned_to_freelist: 318.
num_chunks_taken_from_freelist: 3136.
num_chunk_merges: 120.
num_chunk_splits: 2125.
num_chunks_enlarged: 1447.
num_purges: 4.
num_inconsistent_stats: 0.

CodeCache: size=49152Kb used=16769Kb max_used=16769Kb free=32382Kb
 bounds [0x00000148173e0000, 0x0000014818450000, 0x000001481a3e0000]
 total_blobs=8694 nmethods=8031 adapters=587
 compilation: enabled
              stopped_count=0, restarted_count=0
 full_count=0

Compilation events (20 events):
Event: 342.243 Thread 0x0000014821182420 8028       1       org.eclipse.aether.graph.DefaultDependencyNode::setScope (30 bytes)
Event: 342.243 Thread 0x0000014824dd0450 nmethod 8027 0x000001481843bd10 code [0x000001481843bea0, 0x000001481843bfc8]
Event: 342.243 Thread 0x0000014824dd0450 8029       1       org.eclipse.aether.util.graph.transformer.SimpleOptionalitySelector::selectOptionality (18 bytes)
Event: 342.243 Thread 0x0000014821182420 nmethod 8028 0x000001481843c090 code [0x000001481843c240, 0x000001481843c438]
Event: 342.243 Thread 0x0000014821182420 8031       1       org.eclipse.aether.graph.DefaultDependencyNode::setOptional (30 bytes)
Event: 342.244 Thread 0x0000014824e04d60 nmethod 8030 0x000001481843c590 code [0x000001481843c760, 0x000001481843ca68]
Event: 342.244 Thread 0x0000014824e04d60 8032       1       org.eclipse.aether.graph.Dependency::setOptional (34 bytes)
Event: 342.244 Thread 0x0000014824dd0450 nmethod 8029 0x000001481843cc90 code [0x000001481843ce40, 0x000001481843cfa8]
Event: 342.244 Thread 0x0000014821182420 nmethod 8031 0x000001481843d090 code [0x000001481843d260, 0x000001481843d588]
Event: 342.244 Thread 0x0000014824e04d60 nmethod 8032 0x000001481843d710 code [0x000001481843d8c0, 0x000001481843db48]
Event: 342.248 Thread 0x0000014821182420 8033       1       io.quarkus.bootstrap.resolver.maven.DeploymentInjectingDependencyVisitor::clearReloadable (79 bytes)
Event: 342.248 Thread 0x0000014824e04d60 8034       1       io.quarkus.bootstrap.model.ApplicationModelBuilder::getDependency (14 bytes)
Event: 342.249 Thread 0x0000014824e04d60 nmethod 8034 0x000001481843dc90 code [0x000001481843de20, 0x000001481843df68]
Event: 342.249 Thread 0x0000014821182420 nmethod 8033 0x000001481843e010 code [0x000001481843e220, 0x000001481843e838]
Event: 342.278 Thread 0x0000014824dd0450 8035       1       org.eclipse.aether.repository.RepositoryPolicy::equals (77 bytes)
Event: 342.278 Thread 0x0000014824dd0450 nmethod 8035 0x000001481843ec90 code [0x000001481843ee60, 0x000001481843f108]
Event: 342.283 Thread 0x0000014824e04d60 8036       1       org.apache.maven.model.interpolation.StringVisitorModelInterpolator$ModelVisitor::visit (89 bytes)
Event: 342.283 Thread 0x0000014824dd0450 8037       1       org.apache.maven.model.interpolation.StringVisitorModelInterpolator$ModelVisitor::visit (89 bytes)
Event: 342.284 Thread 0x0000014824dd0450 nmethod 8037 0x000001481843f290 code [0x000001481843f4e0, 0x000001481843f938]
Event: 342.284 Thread 0x0000014824e04d60 nmethod 8036 0x000001481843fc90 code [0x000001481843fe80, 0x0000014818440318]

GC Heap History (20 events):
Event: 3.457 GC heap after
{Heap after GC invocations=9 (full 0):
 garbage-first heap   total 364544K, used 81344K [0x0000000081c00000, 0x0000000100000000)
  region size 1024K, 9 young (9216K), 9 survivors (9216K)
 Metaspace       used 19915K, committed 20288K, reserved 1073152K
  class space    used 2667K, committed 2816K, reserved 1048576K
}
Event: 3.667 GC heap before
{Heap before GC invocations=9 (full 0):
 garbage-first heap   total 364544K, used 108992K [0x0000000081c00000, 0x0000000100000000)
  region size 1024K, 38 young (38912K), 9 survivors (9216K)
 Metaspace       used 21196K, committed 21504K, reserved 1073152K
  class space    used 2847K, committed 3008K, reserved 1048576K
}
Event: 3.683 GC heap after
{Heap after GC invocations=10 (full 0):
 garbage-first heap   total 364544K, used 83410K [0x0000000081c00000, 0x0000000100000000)
  region size 1024K, 11 young (11264K), 11 survivors (11264K)
 Metaspace       used 21196K, committed 21504K, reserved 1073152K
  class space    used 2847K, committed 3008K, reserved 1048576K
}
Event: 5.397 GC heap before
{Heap before GC invocations=11 (full 0):
 garbage-first heap   total 324608K, used 278994K [0x0000000081c00000, 0x0000000100000000)
  region size 1024K, 205 young (209920K), 11 survivors (11264K)
 Metaspace       used 33144K, committed 33536K, reserved 1081344K
  class space    used 4791K, committed 4992K, reserved 1048576K
}
Event: 5.422 GC heap after
{Heap after GC invocations=12 (full 0):
 garbage-first heap   total 324608K, used 92088K [0x0000000081c00000, 0x0000000100000000)
  region size 1024K, 22 young (22528K), 22 survivors (22528K)
 Metaspace       used 33144K, committed 33536K, reserved 1081344K
  class space    used 4791K, committed 4992K, reserved 1048576K
}
Event: 5.441 GC heap before
{Heap before GC invocations=12 (full 0):
 garbage-first heap   total 324608K, used 92088K [0x0000000081c00000, 0x0000000100000000)
  region size 1024K, 23 young (23552K), 22 survivors (22528K)
 Metaspace       used 33208K, committed 33664K, reserved 1081344K
  class space    used 4799K, committed 5056K, reserved 1048576K
}
Event: 5.471 GC heap after
{Heap after GC invocations=13 (full 0):
 garbage-first heap   total 324608K, used 90239K [0x0000000081c00000, 0x0000000100000000)
  region size 1024K, 2 young (2048K), 2 survivors (2048K)
 Metaspace       used 33208K, committed 33664K, reserved 1081344K
  class space    used 4799K, committed 5056K, reserved 1048576K
}
Event: 5.812 GC heap before
{Heap before GC invocations=13 (full 0):
 garbage-first heap   total 324608K, used 117887K [0x0000000081c00000, 0x0000000100000000)
  region size 1024K, 29 young (29696K), 2 survivors (2048K)
 Metaspace       used 37561K, committed 38016K, reserved 1081344K
  class space    used 5339K, committed 5568K, reserved 1048576K
}
Event: 5.824 GC heap after
{Heap after GC invocations=14 (full 0):
 garbage-first heap   total 324608K, used 98383K [0x0000000081c00000, 0x0000000100000000)
  region size 1024K, 8 young (8192K), 8 survivors (8192K)
 Metaspace       used 37561K, committed 38016K, reserved 1081344K
  class space    used 5339K, committed 5568K, reserved 1048576K
}
Event: 339.872 GC heap before
{Heap before GC invocations=15 (full 0):
 garbage-first heap   total 324608K, used 195663K [0x0000000081c00000, 0x0000000100000000)
  region size 1024K, 106 young (108544K), 8 survivors (8192K)
 Metaspace       used 56925K, committed 57408K, reserved 1105920K
  class space    used 7974K, committed 8192K, reserved 1048576K
}
Event: 339.884 GC heap after
{Heap after GC invocations=16 (full 0):
 garbage-first heap   total 324608K, used 97278K [0x0000000081c00000, 0x0000000100000000)
  region size 1024K, 5 young (5120K), 5 survivors (5120K)
 Metaspace       used 56925K, committed 57408K, reserved 1105920K
  class space    used 7974K, committed 8192K, reserved 1048576K
}
Event: 340.148 GC heap before
{Heap before GC invocations=16 (full 0):
 garbage-first heap   total 324608K, used 106494K [0x0000000081c00000, 0x0000000100000000)
  region size 1024K, 15 young (15360K), 5 survivors (5120K)
 Metaspace       used 58979K, committed 59520K, reserved 1105920K
  class space    used 8235K, committed 8512K, reserved 1048576K
}
Event: 340.161 GC heap after
{Heap after GC invocations=17 (full 0):
 garbage-first heap   total 324608K, used 96169K [0x0000000081c00000, 0x0000000100000000)
  region size 1024K, 2 young (2048K), 2 survivors (2048K)
 Metaspace       used 58979K, committed 59520K, reserved 1105920K
  class space    used 8235K, committed 8512K, reserved 1048576K
}
Event: 340.965 GC heap before
{Heap before GC invocations=17 (full 0):
 garbage-first heap   total 324608K, used 207785K [0x0000000081c00000, 0x0000000100000000)
  region size 1024K, 111 young (113664K), 2 survivors (2048K)
 Metaspace       used 59291K, committed 59840K, reserved 1105920K
  class space    used 8274K, committed 8576K, reserved 1048576K
}
Event: 340.989 GC heap after
{Heap after GC invocations=18 (full 0):
 garbage-first heap   total 324608K, used 115072K [0x0000000081c00000, 0x0000000100000000)
  region size 1024K, 14 young (14336K), 14 survivors (14336K)
 Metaspace       used 59291K, committed 59840K, reserved 1105920K
  class space    used 8274K, committed 8576K, reserved 1048576K
}
Event: 341.833 GC heap before
{Heap before GC invocations=19 (full 0):
 garbage-first heap   total 324608K, used 225664K [0x0000000081c00000, 0x0000000100000000)
  region size 1024K, 116 young (118784K), 14 survivors (14336K)
 Metaspace       used 59188K, committed 59840K, reserved 1105920K
  class space    used 8244K, committed 8576K, reserved 1048576K
}
Event: 341.868 GC heap after
{Heap after GC invocations=20 (full 0):
 garbage-first heap   total 324608K, used 137138K [0x0000000081c00000, 0x0000000100000000)
  region size 1024K, 15 young (15360K), 15 survivors (15360K)
 Metaspace       used 59188K, committed 59840K, reserved 1105920K
  class space    used 8244K, committed 8576K, reserved 1048576K
}
Event: 341.873 GC heap before
{Heap before GC invocations=20 (full 0):
 garbage-first heap   total 324608K, used 138162K [0x0000000081c00000, 0x0000000100000000)
  region size 1024K, 16 young (16384K), 15 survivors (15360K)
 Metaspace       used 59188K, committed 59840K, reserved 1105920K
  class space    used 8244K, committed 8576K, reserved 1048576K
}
Event: 341.892 GC heap after
{Heap after GC invocations=21 (full 0):
 garbage-first heap   total 324608K, used 130560K [0x0000000081c00000, 0x0000000100000000)
  region size 1024K, 2 young (2048K), 2 survivors (2048K)
 Metaspace       used 59188K, committed 59840K, reserved 1105920K
  class space    used 8244K, committed 8576K, reserved 1048576K
}
Event: 342.288 GC heap before
{Heap before GC invocations=21 (full 0):
 garbage-first heap   total 324608K, used 228864K [0x0000000081c00000, 0x0000000100000000)
  region size 1024K, 98 young (100352K), 2 survivors (2048K)
 Metaspace       used 59191K, committed 59840K, reserved 1105920K
  class space    used 8244K, committed 8576K, reserved 1048576K
}

Deoptimization events (20 events):
Event: 341.744 Thread 0x00000148239a23d0 DEOPT PACKING pc=0x0000014817dda854 sp=0x00000005082fe1e0
Event: 341.744 Thread 0x00000148239a23d0 DEOPT UNPACKING pc=0x0000014817432b43 sp=0x00000005082fd768 mode 1
Event: 341.744 Thread 0x00000148239a23d0 DEOPT PACKING pc=0x0000014817ddbcc4 sp=0x00000005082fe350
Event: 341.744 Thread 0x00000148239a23d0 DEOPT UNPACKING pc=0x0000014817432b43 sp=0x00000005082fd7f8 mode 1
Event: 342.228 Thread 0x00000148239a23d0 DEOPT PACKING pc=0x0000014817dda854 sp=0x00000005082fe1e0
Event: 342.228 Thread 0x00000148239a23d0 DEOPT UNPACKING pc=0x0000014817432b43 sp=0x00000005082fd768 mode 1
Event: 342.228 Thread 0x00000148239a23d0 DEOPT PACKING pc=0x0000014817ddbcc4 sp=0x00000005082fe350
Event: 342.228 Thread 0x00000148239a23d0 DEOPT UNPACKING pc=0x0000014817432b43 sp=0x00000005082fd7f8 mode 1
Event: 342.228 Thread 0x00000148239a23d0 DEOPT PACKING pc=0x0000014817dda854 sp=0x00000005082fe1e0
Event: 342.228 Thread 0x00000148239a23d0 DEOPT UNPACKING pc=0x0000014817432b43 sp=0x00000005082fd768 mode 1
Event: 342.228 Thread 0x00000148239a23d0 DEOPT PACKING pc=0x0000014817ddbcc4 sp=0x00000005082fe350
Event: 342.228 Thread 0x00000148239a23d0 DEOPT UNPACKING pc=0x0000014817432b43 sp=0x00000005082fd7f8 mode 1
Event: 342.256 Thread 0x00000148239a23d0 DEOPT PACKING pc=0x0000014817dda854 sp=0x00000005082fe1e0
Event: 342.256 Thread 0x00000148239a23d0 DEOPT UNPACKING pc=0x0000014817432b43 sp=0x00000005082fd768 mode 1
Event: 342.256 Thread 0x00000148239a23d0 DEOPT PACKING pc=0x0000014817ddbcc4 sp=0x00000005082fe350
Event: 342.256 Thread 0x00000148239a23d0 DEOPT UNPACKING pc=0x0000014817432b43 sp=0x00000005082fd7f8 mode 1
Event: 342.256 Thread 0x00000148239a23d0 DEOPT PACKING pc=0x0000014817dda854 sp=0x00000005082fe1e0
Event: 342.256 Thread 0x00000148239a23d0 DEOPT UNPACKING pc=0x0000014817432b43 sp=0x00000005082fd768 mode 1
Event: 342.256 Thread 0x00000148239a23d0 DEOPT PACKING pc=0x0000014817ddbcc4 sp=0x00000005082fe350
Event: 342.256 Thread 0x00000148239a23d0 DEOPT UNPACKING pc=0x0000014817432b43 sp=0x00000005082fd7f8 mode 1

Classes unloaded (20 events):
Event: 341.181 Thread 0x000001482115d5b0 Unloading class 0x0000000800c19000 'jdk/internal/reflect/GeneratedSerializationConstructorAccessor17'
Event: 341.181 Thread 0x000001482115d5b0 Unloading class 0x0000000800c18c00 'jdk/internal/reflect/GeneratedSerializationConstructorAccessor16'
Event: 341.181 Thread 0x000001482115d5b0 Unloading class 0x0000000800c18800 'jdk/internal/reflect/GeneratedSerializationConstructorAccessor15'
Event: 341.181 Thread 0x000001482115d5b0 Unloading class 0x0000000800c18400 'jdk/internal/reflect/GeneratedSerializationConstructorAccessor14'
Event: 341.181 Thread 0x000001482115d5b0 Unloading class 0x0000000800c18000 'jdk/internal/reflect/GeneratedSerializationConstructorAccessor13'
Event: 341.181 Thread 0x000001482115d5b0 Unloading class 0x0000000800c13800 'jdk/internal/reflect/GeneratedSerializationConstructorAccessor12'
Event: 341.181 Thread 0x000001482115d5b0 Unloading class 0x0000000800c13400 'jdk/internal/reflect/GeneratedSerializationConstructorAccessor11'
Event: 341.181 Thread 0x000001482115d5b0 Unloading class 0x0000000800c13000 'jdk/internal/reflect/GeneratedSerializationConstructorAccessor10'
Event: 341.181 Thread 0x000001482115d5b0 Unloading class 0x0000000800c12c00 'jdk/internal/reflect/GeneratedSerializationConstructorAccessor9'
Event: 341.181 Thread 0x000001482115d5b0 Unloading class 0x0000000800c12800 'jdk/internal/reflect/GeneratedSerializationConstructorAccessor8'
Event: 341.181 Thread 0x000001482115d5b0 Unloading class 0x0000000800c12400 'jdk/internal/reflect/GeneratedSerializationConstructorAccessor7'
Event: 341.181 Thread 0x000001482115d5b0 Unloading class 0x0000000800c12000 'jdk/internal/reflect/GeneratedSerializationConstructorAccessor6'
Event: 341.181 Thread 0x000001482115d5b0 Unloading class 0x0000000800c11c00 'jdk/internal/reflect/GeneratedSerializationConstructorAccessor5'
Event: 341.181 Thread 0x000001482115d5b0 Unloading class 0x0000000800c11800 'jdk/internal/reflect/GeneratedSerializationConstructorAccessor4'
Event: 341.181 Thread 0x000001482115d5b0 Unloading class 0x0000000800c11400 'jdk/internal/reflect/GeneratedSerializationConstructorAccessor3'
Event: 341.181 Thread 0x000001482115d5b0 Unloading class 0x0000000800c11000 'jdk/internal/reflect/GeneratedSerializationConstructorAccessor2'
Event: 341.181 Thread 0x000001482115d5b0 Unloading class 0x0000000800c10c00 'jdk/internal/reflect/GeneratedSerializationConstructorAccessor1'
Event: 341.181 Thread 0x000001482115d5b0 Unloading class 0x0000000800c0f400 'java/lang/invoke/LambdaForm$DMH+0x0000000800c0f400'
Event: 341.181 Thread 0x000001482115d5b0 Unloading class 0x0000000800c0ec00 'java/lang/invoke/LambdaForm$MH+0x0000000800c0ec00'
Event: 341.181 Thread 0x000001482115d5b0 Unloading class 0x0000000800c0e000 'java/lang/invoke/LambdaForm$MH+0x0000000800c0e000'

Classes redefined (0 events):
No events

Internal exceptions (20 events):
Event: 8.209 Thread 0x0000014824c98030 Exception <a 'java/lang/NoSuchMethodError'{0x000000008fa59bc8}: 'java.lang.Object java.lang.invoke.DirectMethodHandle$Holder.newInvokeSpecial(java.lang.Object, java.lang.Object, java.lang.Object, java.lang.Object, java.lang.Object, java.lang.Object, java.lang.Object, java.lang.Object, java.lang.Object, java.lang.Object, java.lang.Object, java.lang.Object)'> (0x000000008fa59bc8) 
thrown [s\open\src\hotspot\share\interpreter\linkResolver.cpp, line 759]
Event: 8.209 Thread 0x0000014824c9e540 Exception <a 'java/lang/NoSuchMethodError'{0x000000008f40d240}: 'java.lang.Object java.lang.invoke.DirectMethodHandle$Holder.invokeSpecial(java.lang.Object, java.lang.Object, java.lang.Object, java.lang.Object, java.lang.Object, java.lang.Object, java.lang.Object, java.lang.Object, java.lang.Object, java.lang.Object, java.lang.Object, java.lang.Object, java.lang.Object)'> (0x000000008f40d240) 
thrown [s\open\src\hotspot\share\interpreter\linkResolver.cpp, line 759]
Event: 8.210 Thread 0x0000014824c98030 Exception <a 'java/lang/NoSuchMethodError'{0x000000008fa5e430}: 'java.lang.Object java.lang.invoke.DirectMethodHandle$Holder.invokeSpecial(java.lang.Object, java.lang.Object, java.lang.Object, java.lang.Object, java.lang.Object, java.lang.Object, java.lang.Object, java.lang.Object, java.lang.Object, java.lang.Object, java.lang.Object, java.lang.Object, java.lang.Object)'> (0x000000008fa5e430) 
thrown [s\open\src\hotspot\share\interpreter\linkResolver.cpp, line 759]
Event: 8.210 Thread 0x0000014824c9e540 Exception <a 'java/lang/NoSuchMethodError'{0x000000008f4116b0}: 'java.lang.Object java.lang.invoke.Invokers$Holder.linkToTargetMethod(java.lang.Object, java.lang.Object, java.lang.Object, java.lang.Object, java.lang.Object, java.lang.Object, java.lang.Object, java.lang.Object, java.lang.Object, java.lang.Object, java.lang.Object, java.lang.Object)'> (0x000000008f4116b0) 
thrown [s\open\src\hotspot\share\interpreter\linkResolver.cpp, line 759]
Event: 8.210 Thread 0x0000014824c98030 Exception <a 'java/lang/NoSuchMethodError'{0x000000008fa623a8}: 'java.lang.Object java.lang.invoke.Invokers$Holder.linkToTargetMethod(java.lang.Object, java.lang.Object, java.lang.Object, java.lang.Object, java.lang.Object, java.lang.Object, java.lang.Object, java.lang.Object, java.lang.Object, java.lang.Object, java.lang.Object, java.lang.Object)'> (0x000000008fa623a8) 
thrown [s\open\src\hotspot\share\interpreter\linkResolver.cpp, line 759]
Event: 8.232 Thread 0x000001480fb50420 Exception <a 'java/lang/IncompatibleClassChangeError'{0x000000008f4a6508}: Found class java.lang.Object, but interface was expected> (0x000000008f4a6508) 
thrown [s\open\src\hotspot\share\interpreter\linkResolver.cpp, line 826]
Event: 339.703 Thread 0x00000148239a23d0 Exception <a 'sun/nio/fs/WindowsException'{0x000000008f3a4ba0}> (0x000000008f3a4ba0) 
thrown [s\open\src\hotspot\share\prims\jni.cpp, line 516]
Event: 339.703 Thread 0x00000148239a23d0 Exception <a 'sun/nio/fs/WindowsException'{0x000000008f3a4eb0}> (0x000000008f3a4eb0) 
thrown [s\open\src\hotspot\share\prims\jni.cpp, line 516]
Event: 339.730 Thread 0x00000148239a23d0 Exception <a 'sun/nio/fs/WindowsException'{0x000000008f260f70}> (0x000000008f260f70) 
thrown [s\open\src\hotspot\share\prims\jni.cpp, line 516]
Event: 339.858 Thread 0x00000148239a23d0 Exception <a 'sun/nio/fs/WindowsException'{0x000000008ef95d90}> (0x000000008ef95d90) 
thrown [s\open\src\hotspot\share\prims\jni.cpp, line 516]
Event: 339.859 Thread 0x00000148239a23d0 Exception <a 'sun/nio/fs/WindowsException'{0x000000008ef95eb8}> (0x000000008ef95eb8) 
thrown [s\open\src\hotspot\share\prims\jni.cpp, line 516]
Event: 340.063 Thread 0x00000148239a23d0 Exception <a 'sun/nio/fs/WindowsException'{0x0000000097942290}> (0x0000000097942290) 
thrown [s\open\src\hotspot\share\prims\jni.cpp, line 516]
Event: 340.067 Thread 0x00000148239a23d0 Exception <a 'sun/nio/fs/WindowsException'{0x000000009795cd10}> (0x000000009795cd10) 
thrown [s\open\src\hotspot\share\prims\jni.cpp, line 516]
Event: 340.072 Thread 0x00000148239a23d0 Exception <a 'sun/nio/fs/WindowsException'{0x0000000097995238}> (0x0000000097995238) 
thrown [s\open\src\hotspot\share\prims\jni.cpp, line 516]
Event: 340.182 Thread 0x00000148239a23d0 Exception <a 'sun/nio/fs/WindowsException'{0x0000000097edb9e0}> (0x0000000097edb9e0) 
thrown [s\open\src\hotspot\share\prims\jni.cpp, line 516]
Event: 340.182 Thread 0x00000148239a23d0 Exception <a 'sun/nio/fs/WindowsException'{0x0000000097edbd60}> (0x0000000097edbd60) 
thrown [s\open\src\hotspot\share\prims\jni.cpp, line 516]
Event: 340.184 Thread 0x00000148239a23d0 Exception <a 'sun/nio/fs/WindowsException'{0x0000000097ee0480}> (0x0000000097ee0480) 
thrown [s\open\src\hotspot\share\prims\jni.cpp, line 516]
Event: 340.185 Thread 0x00000148239a23d0 Exception <a 'sun/nio/fs/WindowsException'{0x0000000097efd9d0}> (0x0000000097efd9d0) 
thrown [s\open\src\hotspot\share\prims\jni.cpp, line 516]
Event: 341.496 Thread 0x00000148239a23d0 Exception <a 'sun/nio/fs/WindowsException'{0x0000000091d6b9e8}> (0x0000000091d6b9e8) 
thrown [s\open\src\hotspot\share\prims\jni.cpp, line 516]
Event: 341.497 Thread 0x00000148239a23d0 Exception <a 'sun/nio/fs/WindowsException'{0x0000000091d88f50}> (0x0000000091d88f50) 
thrown [s\open\src\hotspot\share\prims\jni.cpp, line 516]

VM Operations (20 events):
Event: 340.161 Executing VM operation: G1CollectForAllocation done
Event: 340.965 Executing VM operation: G1CollectForAllocation
Event: 340.996 Executing VM operation: G1CollectForAllocation done
Event: 341.180 Executing VM operation: G1Concurrent
Event: 341.190 Executing VM operation: G1Concurrent done
Event: 341.190 Executing VM operation: Cleanup
Event: 341.191 Executing VM operation: Cleanup done
Event: 341.328 Executing VM operation: G1Concurrent
Event: 341.329 Executing VM operation: G1Concurrent done
Event: 341.559 Executing VM operation: HandshakeAllThreads
Event: 341.559 Executing VM operation: HandshakeAllThreads done
Event: 341.559 Executing VM operation: HandshakeAllThreads
Event: 341.559 Executing VM operation: HandshakeAllThreads done
Event: 341.561 Executing VM operation: HandshakeAllThreads
Event: 341.561 Executing VM operation: HandshakeAllThreads done
Event: 341.833 Executing VM operation: G1CollectForAllocation
Event: 341.868 Executing VM operation: G1CollectForAllocation done
Event: 341.873 Executing VM operation: G1CollectForAllocation
Event: 341.892 Executing VM operation: G1CollectForAllocation done
Event: 342.288 Executing VM operation: G1CollectForAllocation

Events (20 events):
Event: 339.745 loading class jdk/internal/loader/URLClassPath$FileLoader
Event: 339.746 loading class jdk/internal/loader/URLClassPath$FileLoader done
Event: 339.800 loading class java/io/FilePermissionCollection
Event: 339.801 loading class java/io/FilePermissionCollection done
Event: 339.801 loading class java/io/FilePermissionCollection$1
Event: 339.801 loading class java/io/FilePermissionCollection$1 done
Event: 339.812 loading class java/util/WeakHashMap$KeyIterator
Event: 339.813 loading class java/util/WeakHashMap$KeyIterator done
Event: 339.832 loading class java/text/MessageFormat
Event: 339.832 loading class java/text/MessageFormat done
Event: 339.925 loading class java/lang/StringIndexOutOfBoundsException
Event: 339.926 loading class java/lang/StringIndexOutOfBoundsException done
Event: 339.934 loading class java/lang/ProcessEnvironment$CheckedKeySet
Event: 339.934 loading class java/lang/ProcessEnvironment$CheckedKeySet done
Event: 340.044 loading class java/security/Key
Event: 340.044 loading class java/security/Key done
Event: 340.174 Thread 0x0000014824e04d60 Thread added: 0x0000014824e04d60
Event: 340.647 Thread 0x0000014824dd0450 Thread added: 0x0000014824dd0450
Event: 340.765 loading class sun/nio/cs/ISO_8859_1$Decoder
Event: 340.765 loading class sun/nio/cs/ISO_8859_1$Decoder done


Dynamic libraries:
0x00007ff6607c0000 - 0x00007ff6607d0000 	C:\Program Files\Java\jdk-17\bin\java.EXE
0x00007ff84cd50000 - 0x00007ff84cf48000 	C:\WINDOWS\SYSTEM32\ntdll.dll
0x00007ff84b0f0000 - 0x00007ff84b1af000 	C:\WINDOWS\System32\KERNEL32.DLL
0x00007ff84a640000 - 0x00007ff84a912000 	C:\WINDOWS\System32\KERNELBASE.dll
0x00007ff84ac00000 - 0x00007ff84ad00000 	C:\WINDOWS\System32\ucrtbase.dll
0x00007ff843dc0000 - 0x00007ff843dd8000 	C:\Program Files\Java\jdk-17\bin\jli.dll
0x00007ff84cb90000 - 0x00007ff84cc3e000 	C:\WINDOWS\System32\ADVAPI32.dll
0x00007ff84b3c0000 - 0x00007ff84b45e000 	C:\WINDOWS\System32\msvcrt.dll
0x00007ff84b780000 - 0x00007ff84b81c000 	C:\WINDOWS\System32\sechost.dll
0x00007ff84c660000 - 0x00007ff84c785000 	C:\WINDOWS\System32\RPCRT4.dll
0x00007ff84c790000 - 0x00007ff84c931000 	C:\WINDOWS\System32\USER32.dll
0x00007ff84a440000 - 0x00007ff84a462000 	C:\WINDOWS\System32\win32u.dll
0x00007ff84b880000 - 0x00007ff84b8ab000 	C:\WINDOWS\System32\GDI32.dll
0x00007ff84aa80000 - 0x00007ff84ab8f000 	C:\WINDOWS\System32\gdi32full.dll
0x00007ff84a5a0000 - 0x00007ff84a63d000 	C:\WINDOWS\System32\msvcp_win.dll
0x00007ff83ad60000 - 0x00007ff83ad7b000 	C:\Program Files\Java\jdk-17\bin\VCRUNTIME140.dll
0x00007ff8355b0000 - 0x00007ff83584a000 	C:\WINDOWS\WinSxS\amd64_microsoft.windows.common-controls_6595b64144ccf1df_6.0.19041.1110_none_60b5254171f9507e\COMCTL32.dll
0x00007ff83b180000 - 0x00007ff83b18a000 	C:\WINDOWS\SYSTEM32\VERSION.dll
0x00007ff84cb20000 - 0x00007ff84cb52000 	C:\WINDOWS\System32\IMM32.DLL
0x00007ff843db0000 - 0x00007ff843dbc000 	C:\Program Files\Java\jdk-17\bin\vcruntime140_1.dll
0x00007ff834bc0000 - 0x00007ff834c4e000 	C:\Program Files\Java\jdk-17\bin\msvcp140.dll
0x00007ffffb480000 - 0x00007ffffc057000 	C:\Program Files\Java\jdk-17\bin\server\jvm.dll
0x00007ff84c520000 - 0x00007ff84c528000 	C:\WINDOWS\System32\PSAPI.DLL
0x00007ff82e7b0000 - 0x00007ff82e7b9000 	C:\WINDOWS\SYSTEM32\WSOCK32.dll
0x00007ff833070000 - 0x00007ff833097000 	C:\WINDOWS\SYSTEM32\WINMM.dll
0x00007ff84ca20000 - 0x00007ff84ca8b000 	C:\WINDOWS\System32\WS2_32.dll
0x00007ff848c50000 - 0x00007ff848c62000 	C:\WINDOWS\SYSTEM32\kernel.appcore.dll
0x00007ff841c10000 - 0x00007ff841c1a000 	C:\Program Files\Java\jdk-17\bin\jimage.dll
0x00007ff848a30000 - 0x00007ff848c14000 	C:\WINDOWS\SYSTEM32\DBGHELP.DLL
0x00007ff82c960000 - 0x00007ff82c995000 	C:\WINDOWS\SYSTEM32\dbgcore.DLL
0x00007ff84ad00000 - 0x00007ff84ad82000 	C:\WINDOWS\System32\bcryptPrimitives.dll
0x00007ff834f90000 - 0x00007ff834f9e000 	C:\Program Files\Java\jdk-17\bin\instrument.dll
0x00007ff83abb0000 - 0x00007ff83abd5000 	C:\Program Files\Java\jdk-17\bin\java.dll
0x00007ff834f50000 - 0x00007ff834f8b000 	C:\Program Files\Java\jdk-17\bin\jdwp.dll
0x00007ff826de0000 - 0x00007ff826eb7000 	C:\Program Files\Java\jdk-17\bin\jsvml.dll
0x00007ff84bd20000 - 0x00007ff84c464000 	C:\WINDOWS\System32\SHELL32.dll
0x00007ff848290000 - 0x00007ff848a22000 	C:\WINDOWS\SYSTEM32\windows.storage.dll
0x00007ff84ad90000 - 0x00007ff84b0e5000 	C:\WINDOWS\System32\combase.dll
0x00007ff849dc0000 - 0x00007ff849df0000 	C:\WINDOWS\SYSTEM32\Wldp.dll
0x00007ff84c470000 - 0x00007ff84c51d000 	C:\WINDOWS\System32\SHCORE.dll
0x00007ff84b510000 - 0x00007ff84b565000 	C:\WINDOWS\System32\shlwapi.dll
0x00007ff84a380000 - 0x00007ff84a39f000 	C:\WINDOWS\SYSTEM32\profapi.dll
0x00007ff835120000 - 0x00007ff835138000 	C:\Program Files\Java\jdk-17\bin\zip.dll
0x00007ff83ab90000 - 0x00007ff83aba9000 	C:\Program Files\Java\jdk-17\bin\net.dll
0x00007ff8402e0000 - 0x00007ff8403ec000 	C:\WINDOWS\SYSTEM32\WINHTTP.dll
0x00007ff849ba0000 - 0x00007ff849c0a000 	C:\WINDOWS\system32\mswsock.dll
0x00007ff83ab70000 - 0x00007ff83ab86000 	C:\Program Files\Java\jdk-17\bin\nio.dll
0x00007ff834f40000 - 0x00007ff834f4c000 	C:\Program Files\Java\jdk-17\bin\dt_socket.dll
0x00007ff849860000 - 0x00007ff84989b000 	C:\WINDOWS\SYSTEM32\IPHLPAPI.DLL
0x00007ff8498a0000 - 0x00007ff84996a000 	C:\WINDOWS\SYSTEM32\DNSAPI.dll
0x00007ff84cb60000 - 0x00007ff84cb68000 	C:\WINDOWS\System32\NSI.dll
0x00000000745b0000 - 0x00000000745e5000 	C:\Program Files\Bonjour\mdnsNSP.dll
0x00007ff8384e0000 - 0x00007ff8384ea000 	C:\Windows\System32\rasadhlp.dll
0x00007ff83b800000 - 0x00007ff83b880000 	C:\WINDOWS\System32\fwpuclnt.dll
0x00007ff84a4c0000 - 0x00007ff84a4e7000 	C:\WINDOWS\System32\bcrypt.dll
0x00007ff83c640000 - 0x00007ff83c650000 	C:\Program Files\Java\jdk-17\bin\verify.dll
0x00007ff83ad50000 - 0x00007ff83ad5a000 	C:\Program Files\Java\jdk-17\bin\management.dll
0x00007ff8358e0000 - 0x00007ff8358eb000 	C:\Program Files\Java\jdk-17\bin\management_ext.dll
0x00007ff849e00000 - 0x00007ff849e18000 	C:\WINDOWS\SYSTEM32\CRYPTSP.dll
0x00007ff849470000 - 0x00007ff8494a4000 	C:\WINDOWS\system32\rsaenh.dll
0x00007ff84a300000 - 0x00007ff84a32e000 	C:\WINDOWS\SYSTEM32\USERENV.dll
0x00007ff849d30000 - 0x00007ff849d3c000 	C:\WINDOWS\SYSTEM32\CRYPTBASE.dll
0x00007ff834b40000 - 0x00007ff834b4a000 	C:\Users\Syahril\AppData\Local\Temp\jansi-1.18-93fa3188adb8407f81dad04d08abc8192e4e380d.dll
0x00007ff8413b0000 - 0x00007ff8413c7000 	C:\WINDOWS\SYSTEM32\dhcpcsvc6.DLL
0x00007ff8412e0000 - 0x00007ff8412fd000 	C:\WINDOWS\SYSTEM32\dhcpcsvc.DLL
0x00007ff834ab0000 - 0x00007ff834abd000 	C:\Program Files\Java\jdk-17\bin\sunmscapi.dll
0x00007ff84a920000 - 0x00007ff84aa76000 	C:\WINDOWS\System32\CRYPT32.dll
0x00007ff849f10000 - 0x00007ff849f37000 	C:\WINDOWS\SYSTEM32\ncrypt.dll
0x00007ff849ed0000 - 0x00007ff849f0b000 	C:\WINDOWS\SYSTEM32\NTASN1.dll
0x00007ff83c650000 - 0x00007ff83c657000 	C:\WINDOWS\system32\wshunix.dll
0x00007ff820640000 - 0x00007ff820657000 	C:\WINDOWS\system32\napinsp.dll
0x00007ff81ff50000 - 0x00007ff81ff6b000 	C:\WINDOWS\system32\pnrpnsp.dll
0x00007ff8457e0000 - 0x00007ff8457fd000 	C:\WINDOWS\system32\NLAapi.dll
0x00007ff844f80000 - 0x00007ff844f95000 	C:\WINDOWS\system32\wshbth.dll
0x00007ff81ffa0000 - 0x00007ff81ffb2000 	C:\WINDOWS\System32\winrnr.dll

dbghelp: loaded successfully - version: 4.0.5 - missing functions: none
symbol engine: initialized successfully - sym options: 0x614 - pdb path: .;C:\Program Files\Java\jdk-17\bin;C:\WINDOWS\SYSTEM32;C:\WINDOWS\WinSxS\amd64_microsoft.windows.common-controls_6595b64144ccf1df_6.0.19041.1110_none_60b5254171f9507e;C:\Program Files\Java\jdk-17\bin\server;C:\Program Files\Bonjour;C:\Users\Syahril\AppData\Local\Temp

VM Arguments:
jvm_args: -Dio.quarkus.force-color-support=true -Dquarkus-internal.serialized-app-model.path=C:\code-with-quarkus\target\quarkus\bootstrap\dev-app-model.dat -javaagent:C:\Users\Syahril\.m2\repository\io\quarkus\quarkus-class-change-agent\2.10.2.Final\quarkus-class-change-agent-2.10.2.Final.jar -DquarkusRegistryClient=true -XX:TieredStopAtLevel=1 -agentlib:jdwp=transport=dt_socket,address=localhost:5005,server=y,suspend=n -Djava.util.logging.manager=org.jboss.logmanager.LogManager 
java_command: C:\code-with-quarkus\target\hibernate-reactive-panache-quickstart-dev.jar
java_class_path (initial): C:\code-with-quarkus\target\hibernate-reactive-panache-quickstart-dev.jar
Launcher Type: SUN_STANDARD

[Global flags]
     intx CICompilerCount                          = 3                                         {product} {ergonomic}
     uint ConcGCThreads                            = 1                                         {product} {ergonomic}
     uint G1ConcRefinementThreads                  = 4                                         {product} {ergonomic}
   size_t G1HeapRegionSize                         = 1048576                                   {product} {ergonomic}
    uintx GCDrainStackTargetSize                   = 64                                        {product} {ergonomic}
   size_t InitialHeapSize                          = 134217728                                 {product} {ergonomic}
   size_t MarkStackSize                            = 4194304                                   {product} {ergonomic}
   size_t MaxHeapSize                              = 2118123520                                {product} {ergonomic}
   size_t MaxNewSize                               = 1270874112                                {product} {ergonomic}
   size_t MinHeapDeltaBytes                        = 1048576                                   {product} {ergonomic}
   size_t MinHeapSize                              = 8388608                                   {product} {ergonomic}
    uintx NonProfiledCodeHeapSize                  = 0                                      {pd product} {ergonomic}
     bool ProfileInterpreter                       = false                                  {pd product} {command line}
    uintx ProfiledCodeHeapSize                     = 0                                      {pd product} {ergonomic}
   size_t SoftMaxHeapSize                          = 2118123520                             {manageable} {ergonomic}
     intx TieredStopAtLevel                        = 1                                         {product} {command line}
     bool UseCompressedClassPointers               = true                           {product lp64_product} {ergonomic}
     bool UseCompressedOops                        = true                           {product lp64_product} {ergonomic}
     bool UseG1GC                                  = true                                      {product} {ergonomic}
     bool UseLargePagesIndividualAllocation        = false                                  {pd product} {ergonomic}

Logging:
Log output configuration:
 #0: stdout all=warning uptime,level,tags
 #1: stderr all=off uptime,level,tags

Environment Variables:
JAVA_HOME=C:\Program Files\Java\jdk-17
PATH=C:\Program Files\Common Files\Oracle\Java\javapath;C:\Program Files (x86)\Common Files\Intel\Shared Libraries\redist\intel64\compiler;C:\ProgramData\Oracle\Java\javapath;C:\WINDOWS\system32;C:\WINDOWS;C:\WINDOWS\System32\Wbem;C:\WINDOWS\System32\WindowsPowerShell\v1.0\;C:\WINDOWS\System32\OpenSSH\;C:\Program Files (x86)\NVIDIA Corporation\PhysX\Common;C:\Program Files\NVIDIA Corporation\NVIDIA NvDLISR;C:\Program Files\dotnet\;C:\Program Files\Java\jdk-17\bin;C:\Program Files\Cloudflare\Cloudflare WARP\;C:\Program Files (x86)\ZeroTier\One\;C:\Program Files\apache-maven-4.0.0-alpha-3\bin;C:\Program Files\Git\cmd;C:\Program Files\Docker\Docker\resources\bin;C:\Users\Syahril\.jbang\bin;C:\Users\Syahril\AppData\Local\Microsoft\WindowsApps;C:\Users\Syahril\AppData\Local\Programs\Microsoft VS Code\bin;C:\Users\Syahril\AppData\Local\JetBrains\Toolbox\scripts;C:\Program Files\Java\jdk-17\bin;
USERNAME=Syahril
OS=Windows_NT
PROCESSOR_IDENTIFIER=Intel64 Family 6 Model 142 Stepping 9, GenuineIntel



---------------  S Y S T E M  ---------------

OS:
 Windows 10 , 64 bit Build 19041 (10.0.19041.2364)
OS uptime: 0 days 0:47 hours
Hyper-V role detected

CPU: total 4 (initial active 4) (2 cores per cpu, 2 threads per core) family 6 model 142 stepping 9 microcode 0xb4, cx8, cmov, fxsr, ht, mmx, 3dnowpref, sse, sse2, sse3, ssse3, sse4.1, sse4.2, popcnt, lzcnt, tsc, tscinvbit, avx, avx2, aes, erms, clmul, bmi1, bmi2, adx, fma, vzeroupper, clflush, clflushopt, hv

Memory: 4k page, system-wide physical 8076M (429M free)
TotalPageFile size 10124M (AvailPageFile size 276M)
current process WorkingSet (physical memory assigned to process): 473M, peak: 473M
current process commit charge ("private bytes"): 556M, peak: 1151M

vm_info: Java HotSpot(TM) 64-Bit Server VM (17.0.6+9-LTS-190) for windows-amd64 JRE (17.0.6+9-LTS-190), built on Dec  6 2022 15:53:54 by "mach5one" with MS VC++ 17.1 (VS2022)

END.
